#
# A fatal error has been detected by the Java Runtime Environment:
#
#  SIGSEGV (0xb) at pc=0x00007fc5da6e9dde, pid=1, tid=0x00007fc5db98eb40
#
# JRE version: OpenJDK Runtime Environment (8.0_212-b04) (build 1.8.0_212-b04)
# Java VM: OpenJDK 64-Bit Server VM (25.212-b04 mixed mode linux-amd64 compressed oops)
# Problematic frame:
# V  [libjvm.so+0x8b1dde]  SR_handler(int, siginfo*, ucontext*)+0x3e
#
# Failed to write core dump. Core dumps have been disabled. To enable core dumping, try "ulimit -c unlimited" before starting Java again
#
# If you would like to submit a bug report, please visit:
#   http://bugreport.java.com/bugreport/crash.jsp
#

---------------  T H R E A D  ---------------

Current thread is native thread

siginfo: si_signo: 11 (SIGSEGV), si_code: 1 (SEGV_MAPERR), si_addr: 0x0000000000000110

Registers:
RAX=0x0000000000000000, RBX=0x00007fc5db98ead8, RCX=0x00007fc5db55e6dd, RDX=0x00007fc5db98ee60
RSP=0x00007ffd34eee840, RBP=0x00007ffd34eee8f0, RSI=0x00007ffd34eeea30, RDI=0x0000000000000001
R8 =0x00000000000000ca, R9 =0x00007fc5db98d9d0, R10=0x0000000000000000, R11=0x0000000000000246
R12=0x00007ffd34eeeed0, R13=0x0000000000000002, R14=0x00007ffd34eeea30, R15=0x00007ffd34eee900
RIP=0x00007fc5da6e9dde, EFLAGS=0x0000000000010246, CSGSFS=0x002b000000000033, ERR=0x0000000000000004
  TRAPNO=0x000000000000000e

Top of Stack: (sp=0x00007ffd34eee840)
0x00007ffd34eee840:   0000000001e5cb59 00007fc5dadad038
0x00007ffd34eee850:   00007ffd34eee970 00007fc5dad9fd90
0x00007ffd34eee860:   00007ffd34eee894 00007ffd34eee960
0x00007ffd34eee870:   0000000001e408b0 0000000000000008
0x00007ffd34eee880:   00000000034cee42 00007fc5dadad038
0x00007ffd34eee890:   0000000034eee9b0 0000000000000000
0x00007ffd34eee8a0:   00007ffd34eee8d4 00007fc5db990358
0x00007ffd34eee8b0:   00007ffd34eeea00 00007fc5db9916e8
0x00007ffd34eee8c0:   0000000000000001 00007fc5db98d700
0x00007ffd34eee8d0:   00007ffd34eeeed0 0000000000000000
0x00007ffd34eee8e0:   00007fc5db98eb40 00007fc5db98dd28
0x00007ffd34eee8f0:   00007ffd34eeef30 00007fc5db5670e0
0x00007ffd34eee900:   0000000000000007 0000000000000000
0x00007ffd34eee910:   0000000000000000 00007fc500000000
0x00007ffd34eee920:   0000000000000000 00000000000000ca
0x00007ffd34eee930:   00007fc5db98d9d0 0000000000000000
0x00007ffd34eee940:   0000000000000246 00007ffd34eeeed0
0x00007ffd34eee950:   0000000000000000 00007fc5db98eb40
0x00007ffd34eee960:   00007fc5db98dd28 00007fc5db98d9d0
0x00007ffd34eee970:   0000000000000000 00007ffd34eeef30
0x00007ffd34eee980:   00007fc5db98d700 0000000000000006
0x00007ffd34eee990:   00000000000000ca 00007fc5db55e6dd
0x00007ffd34eee9a0:   00007ffd34eeeec0 00007fc5db55e6db
0x00007ffd34eee9b0:   0000000000000246 002b000000000033
0x00007ffd34eee9c0:   0000000000000000 0000000000000000
0x00007ffd34eee9d0:   0000000000000000 0000000000000000
0x00007ffd34eee9e0:   00007ffd34eeeac0 00007fc5db990858
0x00007ffd34eee9f0:   00007ffd34eeeb40 00007fc5db9917c0
0x00007ffd34eeea00:   0000000000000005 0000000000000000
0x00007ffd34eeea10:   00007ffd34eeeb68 00007fc5db77d001
0x00007ffd34eeea20:   0000000000000001 0000000000000000
0x00007ffd34eeea30:   000000000000000c 0000000000000000 

Instructions: (pc=0x00007fc5da6e9dde)
0x00007fc5da6e9dbe:   b0 00 00 00 49 89 d7 e8 ce 10 96 ff 44 8b 28 48
0x00007fc5da6e9dce:   89 c3 48 8b 05 11 6c 64 00 8b 38 e8 8a 1a 96 ff
0x00007fc5da6e9dde:   4c 8b a0 10 01 00 00 41 8b 84 24 a8 00 00 00 83
0x00007fc5da6e9dee:   f8 01 74 1e 44 89 2b 48 8b 5d d8 4c 8b 65 e0 4c 

Register to memory mapping:

RAX=0x0000000000000000 is an unknown value
RBX=0x00007fc5db98ead8 is an unknown value
RCX=0x00007fc5db55e6dd: pthread_join+0xbd in /lib/x86_64-linux-gnu/libpthread.so.0 at 0x00007fc5db556000
RDX=0x00007fc5db98ee60 is an unknown value
RSP=0x00007ffd34eee840 is an unknown value
RBP=0x00007ffd34eee8f0 is an unknown value
RSI=0x00007ffd34eeea30 is an unknown value
RDI=0x0000000000000001 is an unknown value
R8 =0x00000000000000ca is an unknown value
R9 =0x00007fc5db98d9d0 is pointing into the stack for thread: 0x00007fc5d400a800
R10=0x0000000000000000 is an unknown value
R11=0x0000000000000246 is an unknown value
R12=0x00007ffd34eeeed0 is an unknown value
R13=0x0000000000000002 is an unknown value
R14=0x00007ffd34eeea30 is an unknown value
R15=0x00007ffd34eee900 is an unknown value


Stack: [0x00007ffd34df5000,0x00007ffd34ef5000],  sp=0x00007ffd34eee840,  free space=998k
Native frames: (J=compiled Java code, j=interpreted, Vv=VM code, C=native code)
V  [libjvm.so+0x8b1dde]  SR_handler(int, siginfo*, ucontext*)+0x3e
C  [libpthread.so.0+0x110e0]


---------------  P R O C E S S  ---------------

VM state:not at safepoint (normal execution)

VM Mutex/Monitor currently owned by a thread: None

heap address: 0x00000000c0000000, size: 1024 MB, Compressed Oops mode: 32-bit
Narrow klass base: 0x0000000000000000, Narrow klass shift: 3
Compressed class space size: 1073741824 Address: 0x0000000100000000

Heap:
 def new generation   total 39296K, used 3037K [0x00000000c0000000, 0x00000000c2aa0000, 0x00000000d5550000)
  eden space 34944K,   7% used [0x00000000c0000000, 0x00000000c02b8fb0, 0x00000000c2220000)
  from space 4352K,   5% used [0x00000000c2220000, 0x00000000c225e730, 0x00000000c2660000)
  to   space 4352K,   0% used [0x00000000c2660000, 0x00000000c2660000, 0x00000000c2aa0000)
 tenured generation   total 87424K, used 0K [0x00000000d5550000, 0x00000000daab0000, 0x0000000100000000)
   the space 87424K,   0% used [0x00000000d5550000, 0x00000000d5550000, 0x00000000d5550200, 0x00000000daab0000)
 Metaspace       used 2483K, capacity 4486K, committed 4864K, reserved 1056768K
  class space    used 256K, capacity 386K, committed 512K, reserved 1048576K

Card table byte_map: [0x00007fc5d84d5000,0x00007fc5d86d6000] byte_map_base: 0x00007fc5d7ed5000

Polling page: 0x00007fc5db995000

CodeCache: size=245760Kb used=1280Kb max_used=1292Kb free=244479Kb
 bounds [0x00007fc5c5000000, 0x00007fc5c5270000, 0x00007fc5d4000000]
 total_blobs=316 nmethods=88 adapters=144
 compilation: enabled

Compilation events (10 events):
Event: 0.795 Thread 0x00007fc5d40b0000   87   !   4       java.io.PrintStream::newLine (73 bytes)
Event: 0.810 Thread 0x00007fc5d40b0000 nmethod 87 0x00007fc5c5142910 code [0x00007fc5c5142b00, 0x00007fc5c5143888]
Event: 0.811 Thread 0x00007fc5d40b0000   77       4       java.io.OutputStreamWriter::write (11 bytes)
Event: 0.817 Thread 0x00007fc5d40b0000 nmethod 77 0x00007fc5c5144310 code [0x00007fc5c51444e0, 0x00007fc5c5144ea8]
Event: 0.983 Thread 0x00007fc5d40b2800   88 %     3       abc::main @ 2 (23 bytes)
Event: 0.983 Thread 0x00007fc5d40b2800 nmethod 88% 0x00007fc5c51323d0 code [0x00007fc5c5132580, 0x00007fc5c5132a98]
Event: 0.984 Thread 0x00007fc5d40b2800   89       3       abc::main (23 bytes)
Event: 0.984 Thread 0x00007fc5d40b2800 nmethod 89 0x00007fc5c513d890 code [0x00007fc5c513da40, 0x00007fc5c513df38]
Event: 1.156 Thread 0x00007fc5d40b0000   90 %     4       abc::main @ 2 (23 bytes)
Event: 1.158 Thread 0x00007fc5d40b0000 nmethod 90% 0x00007fc5c512e690 code [0x00007fc5c512e7e0, 0x00007fc5c512e8a8]

GC Heap History (6 events):
Event: 3.311 GC heap before
{Heap before GC invocations=0 (full 0):
 def new generation   total 39296K, used 34944K [0x00000000c0000000, 0x00000000c2aa0000, 0x00000000d5550000)
  eden space 34944K, 100% used [0x00000000c0000000, 0x00000000c2220000, 0x00000000c2220000)
  from space 4352K,   0% used [0x00000000c2220000, 0x00000000c2220000, 0x00000000c2660000)
  to   space 4352K,   0% used [0x00000000c2660000, 0x00000000c2660000, 0x00000000c2aa0000)
 tenured generation   total 87424K, used 0K [0x00000000d5550000, 0x00000000daab0000, 0x0000000100000000)
   the space 87424K,   0% used [0x00000000d5550000, 0x00000000d5550000, 0x00000000d5550200, 0x00000000daab0000)
 Metaspace       used 2482K, capacity 4486K, committed 4864K, reserved 1056768K
  class space    used 256K, capacity 386K, committed 512K, reserved 1048576K
Event: 3.312 GC heap after
Heap after GC invocations=1 (full 0):
 def new generation   total 39296K, used 250K [0x00000000c0000000, 0x00000000c2aa0000, 0x00000000d5550000)
  eden space 34944K,   0% used [0x00000000c0000000, 0x00000000c0000000, 0x00000000c2220000)
  from space 4352K,   5% used [0x00000000c2660000, 0x00000000c269e8f8, 0x00000000c2aa0000)
  to   space 4352K,   0% used [0x00000000c2220000, 0x00000000c2220000, 0x00000000c2660000)
 tenured generation   total 87424K, used 0K [0x00000000d5550000, 0x00000000daab0000, 0x0000000100000000)
   the space 87424K,   0% used [0x00000000d5550000, 0x00000000d5550000, 0x00000000d5550200, 0x00000000daab0000)
 Metaspace       used 2482K, capacity 4486K, committed 4864K, reserved 1056768K
  class space    used 256K, capacity 386K, committed 512K, reserved 1048576K
}
Event: 46.903 GC heap before
{Heap before GC invocations=1 (full 0):
 def new generation   total 39296K, used 35194K [0x00000000c0000000, 0x00000000c2aa0000, 0x00000000d5550000)
  eden space 34944K, 100% used [0x00000000c0000000, 0x00000000c2220000, 0x00000000c2220000)
  from space 4352K,   5% used [0x00000000c2660000, 0x00000000c269e8f8, 0x00000000c2aa0000)
  to   space 4352K,   0% used [0x00000000c2220000, 0x00000000c2220000, 0x00000000c2660000)
 tenured generation   total 87424K, used 0K [0x00000000d5550000, 0x00000000daab0000, 0x0000000100000000)
   the space 87424K,   0% used [0x00000000d5550000, 0x00000000d5550000, 0x00000000d5550200, 0x00000000daab0000)
 Metaspace       used 2483K, capacity 4486K, committed 4864K, reserved 1056768K
  class space    used 256K, capacity 386K, committed 512K, reserved 1048576K
Event: 46.905 GC heap after
Heap after GC invocations=2 (full 0):
 def new generation   total 39296K, used 249K [0x00000000c0000000, 0x00000000c2aa0000, 0x00000000d5550000)
  eden space 34944K,   0% used [0x00000000c0000000, 0x00000000c0000000, 0x00000000c2220000)
  from space 4352K,   5% used [0x00000000c2220000, 0x00000000c225e730, 0x00000000c2660000)
  to   space 4352K,   0% used [0x00000000c2660000, 0x00000000c2660000, 0x00000000c2aa0000)
 tenured generation   total 87424K, used 0K [0x00000000d5550000, 0x00000000daab0000, 0x0000000100000000)
   the space 87424K,   0% used [0x00000000d5550000, 0x00000000d5550000, 0x00000000d5550200, 0x00000000daab0000)
 Metaspace       used 2483K, capacity 4486K, committed 4864K, reserved 1056768K
  class space    used 256K, capacity 386K, committed 512K, reserved 1048576K
}
Event: 88.532 GC heap before
{Heap before GC invocations=2 (full 0):
 def new generation   total 39296K, used 35193K [0x00000000c0000000, 0x00000000c2aa0000, 0x00000000d5550000)
  eden space 34944K, 100% used [0x00000000c0000000, 0x00000000c2220000, 0x00000000c2220000)
  from space 4352K,   5% used [0x00000000c2220000, 0x00000000c225e730, 0x00000000c2660000)
  to   space 4352K,   0% used [0x00000000c2660000, 0x00000000c2660000, 0x00000000c2aa0000)
 tenured generation   total 87424K, used 0K [0x00000000d5550000, 0x00000000daab0000, 0x0000000100000000)
   the space 87424K,   0% used [0x00000000d5550000, 0x00000000d5550000, 0x00000000d5550200, 0x00000000daab0000)
 Metaspace       used 2483K, capacity 4486K, committed 4864K, reserved 1056768K
  class space    used 256K, capacity 386K, committed 512K, reserved 1048576K
Event: 88.533 GC heap after
Heap after GC invocations=3 (full 0):
 def new generation   total 39296K, used 249K [0x00000000c0000000, 0x00000000c2aa0000, 0x00000000d5550000)
  eden space 34944K,   0% used [0x00000000c0000000, 0x00000000c0000000, 0x00000000c2220000)
  from space 4352K,   5% used [0x00000000c2660000, 0x00000000c269e730, 0x00000000c2aa0000)
  to   space 4352K,   0% used [0x00000000c2220000, 0x00000000c2220000, 0x00000000c2660000)
 tenured generation   total 87424K, used 0K [0x00000000d5550000, 0x00000000daab0000, 0x0000000100000000)
   the space 87424K,   0% used [0x00000000d5550000, 0x00000000d5550000, 0x00000000d5550200, 0x00000000daab0000)
 Metaspace       used 2483K, capacity 4486K, committed 4864K, reserved 1056768K
  class space    used 256K, capacity 386K, committed 512K, reserved 1048576K
}

Deoptimization events (0 events):
No events

Classes redefined (0 events):
No events

Internal exceptions (2 events):
Event: 0.141 Thread 0x00007fc5d400a800 Exception <a 'java/lang/NoSuchMethodError': Method sun.misc.Unsafe.defineClass(Ljava/lang/String;[BII)Ljava/lang/Class; name or signature does not match> (0x00000000c0007cb0) thrown at [/home/openjdk/jdk8u/hotspot/src/share/vm/prims/jni.cpp, line 4012]
Event: 0.141 Thread 0x00007fc5d400a800 Exception <a 'java/lang/NoSuchMethodError': Method sun.misc.Unsafe.prefetchRead(Ljava/lang/Object;J)V name or signature does not match> (0x00000000c0007f98) thrown at [/home/openjdk/jdk8u/hotspot/src/share/vm/prims/jni.cpp, line 4012]

Events (10 events):
Event: 1.158 Thread 0x00007fc5d400a800 DEOPT PACKING pc=0x00007fc5c5132983 sp=0x00007fc5db98c8e0
Event: 1.158 Thread 0x00007fc5d400a800 DEOPT UNPACKING pc=0x00007fc5c50474c4 sp=0x00007fc5db98c668 mode 0
Event: 3.311 Executing VM operation: GenCollectForAllocation
Event: 3.313 Executing VM operation: GenCollectForAllocation done
Event: 4.427 Executing VM operation: EnableBiasedLocking
Event: 4.427 Executing VM operation: EnableBiasedLocking done
Event: 46.903 Executing VM operation: GenCollectForAllocation
Event: 46.905 Executing VM operation: GenCollectForAllocation done
Event: 88.532 Executing VM operation: GenCollectForAllocation
Event: 88.533 Executing VM operation: GenCollectForAllocation done


Dynamic libraries:
00400000-00401000 r-xp 00000000 08:01 2361866                            /usr/local/openjdk-8/bin/java
00600000-00601000 r--p 00000000 08:01 2361866                            /usr/local/openjdk-8/bin/java
00601000-00602000 rw-p 00001000 08:01 2361866                            /usr/local/openjdk-8/bin/java
01e3f000-01e60000 rw-p 00000000 00:00 0                                  [heap]
c0000000-c2aa0000 rw-p 00000000 00:00 0 
c2aa0000-d5550000 ---p 00000000 00:00 0 
d5550000-daab0000 rw-p 00000000 00:00 0 
daab0000-100000000 ---p 00000000 00:00 0 
100000000-100080000 rw-p 00000000 00:00 0 
100080000-140000000 ---p 00000000 00:00 0 
7fc59c000000-7fc59c021000 rw-p 00000000 00:00 0 
7fc59c021000-7fc5a0000000 ---p 00000000 00:00 0 
7fc5a4000000-7fc5a4021000 rw-p 00000000 00:00 0 
7fc5a4021000-7fc5a8000000 ---p 00000000 00:00 0 
7fc5a8000000-7fc5a80d4000 rw-p 00000000 00:00 0 
7fc5a80d4000-7fc5ac000000 ---p 00000000 00:00 0 
7fc5afc83000-7fc5afeff000 rw-p 00000000 00:00 0 
7fc5afeff000-7fc5aff00000 ---p 00000000 00:00 0 
7fc5aff00000-7fc5b0000000 rw-p 00000000 00:00 0 
7fc5b0000000-7fc5b0021000 rw-p 00000000 00:00 0 
7fc5b0021000-7fc5b4000000 ---p 00000000 00:00 0 
7fc5b4000000-7fc5b417e000 rw-p 00000000 00:00 0 
7fc5b417e000-7fc5b8000000 ---p 00000000 00:00 0 
7fc5b8000000-7fc5b8021000 rw-p 00000000 00:00 0 
7fc5b8021000-7fc5bc000000 ---p 00000000 00:00 0 
7fc5bc000000-7fc5bc021000 rw-p 00000000 00:00 0 
7fc5bc021000-7fc5c0000000 ---p 00000000 00:00 0 
7fc5c0000000-7fc5c0021000 rw-p 00000000 00:00 0 
7fc5c0021000-7fc5c4000000 ---p 00000000 00:00 0 
7fc5c4087000-7fc5c408a000 ---p 00000000 00:00 0 
7fc5c408a000-7fc5c4188000 rw-p 00000000 00:00 0 
7fc5c4188000-7fc5c418c000 ---p 00000000 00:00 0 
7fc5c418c000-7fc5c4289000 rw-p 00000000 00:00 0 
7fc5c4289000-7fc5c428d000 ---p 00000000 00:00 0 
7fc5c428d000-7fc5c438a000 rw-p 00000000 00:00 0 
7fc5c438a000-7fc5c438d000 ---p 00000000 00:00 0 
7fc5c438d000-7fc5c448b000 rw-p 00000000 00:00 0 
7fc5c448b000-7fc5c45fe000 r--p 00000000 08:01 1968803                    /usr/lib/locale/C.UTF-8/LC_COLLATE
7fc5c45fe000-7fc5c4601000 ---p 00000000 00:00 0 
7fc5c4601000-7fc5c46ff000 rw-p 00000000 00:00 0 
7fc5c46ff000-7fc5c4702000 ---p 00000000 00:00 0 
7fc5c4702000-7fc5c4c40000 rw-p 00000000 00:00 0 
7fc5c4c40000-7fc5c5000000 ---p 00000000 00:00 0 
7fc5c5000000-7fc5c5270000 rwxp 00000000 00:00 0 
7fc5c5270000-7fc5d4000000 ---p 00000000 00:00 0 
7fc5d4000000-7fc5d40f6000 rw-p 00000000 00:00 0 
7fc5d40f6000-7fc5d8000000 ---p 00000000 00:00 0 
7fc5d8008000-7fc5d8039000 r--p 00000000 08:01 1968804                    /usr/lib/locale/C.UTF-8/LC_CTYPE
7fc5d8039000-7fc5d803a000 ---p 00000000 00:00 0 
7fc5d803a000-7fc5d813a000 rw-p 00000000 00:00 0 
7fc5d813a000-7fc5d8309000 r--s 03c3b000 08:01 2362378                    /usr/local/openjdk-8/jre/lib/rt.jar
7fc5d8309000-7fc5d83aa000 rw-p 00000000 00:00 0 
7fc5d83aa000-7fc5d84d5000 ---p 00000000 00:00 0 
7fc5d84d5000-7fc5d84eb000 rw-p 00000000 00:00 0 
7fc5d84eb000-7fc5d857f000 ---p 00000000 00:00 0 
7fc5d857f000-7fc5d85ab000 rw-p 00000000 00:00 0 
7fc5d85ab000-7fc5d86d5000 ---p 00000000 00:00 0 
7fc5d86d5000-7fc5d86e0000 rw-p 00000000 00:00 0 
7fc5d86e0000-7fc5d8a96000 ---p 00000000 00:00 0 
7fc5d8a96000-7fc5d8ab1000 r-xp 00000000 08:01 2362322                    /usr/local/openjdk-8/jre/lib/amd64/libzip.so
7fc5d8ab1000-7fc5d8cb0000 ---p 0001b000 08:01 2362322                    /usr/local/openjdk-8/jre/lib/amd64/libzip.so
7fc5d8cb0000-7fc5d8cb1000 r--p 0001a000 08:01 2362322                    /usr/local/openjdk-8/jre/lib/amd64/libzip.so
7fc5d8cb1000-7fc5d8cb2000 rw-p 0001b000 08:01 2362322                    /usr/local/openjdk-8/jre/lib/amd64/libzip.so
7fc5d8cb2000-7fc5d8cbc000 r-xp 00000000 08:01 1968382                    /lib/x86_64-linux-gnu/libnss_files-2.24.so
7fc5d8cbc000-7fc5d8ebc000 ---p 0000a000 08:01 1968382                    /lib/x86_64-linux-gnu/libnss_files-2.24.so
7fc5d8ebc000-7fc5d8ebd000 r--p 0000a000 08:01 1968382                    /lib/x86_64-linux-gnu/libnss_files-2.24.so
7fc5d8ebd000-7fc5d8ebe000 rw-p 0000b000 08:01 1968382                    /lib/x86_64-linux-gnu/libnss_files-2.24.so
7fc5d8ebe000-7fc5d8ec4000 rw-p 00000000 00:00 0 
7fc5d8ec4000-7fc5d8ecf000 r-xp 00000000 08:01 1968386                    /lib/x86_64-linux-gnu/libnss_nis-2.24.so
7fc5d8ecf000-7fc5d90ce000 ---p 0000b000 08:01 1968386                    /lib/x86_64-linux-gnu/libnss_nis-2.24.so
7fc5d90ce000-7fc5d90cf000 r--p 0000a000 08:01 1968386                    /lib/x86_64-linux-gnu/libnss_nis-2.24.so
7fc5d90cf000-7fc5d90d0000 rw-p 0000b000 08:01 1968386                    /lib/x86_64-linux-gnu/libnss_nis-2.24.so
7fc5d90d0000-7fc5d90e4000 r-xp 00000000 08:01 1968376                    /lib/x86_64-linux-gnu/libnsl-2.24.so
7fc5d90e4000-7fc5d92e4000 ---p 00014000 08:01 1968376                    /lib/x86_64-linux-gnu/libnsl-2.24.so
7fc5d92e4000-7fc5d92e5000 r--p 00014000 08:01 1968376                    /lib/x86_64-linux-gnu/libnsl-2.24.so
7fc5d92e5000-7fc5d92e6000 rw-p 00015000 08:01 1968376                    /lib/x86_64-linux-gnu/libnsl-2.24.so
7fc5d92e6000-7fc5d92e8000 rw-p 00000000 00:00 0 
7fc5d92e8000-7fc5d92ef000 r-xp 00000000 08:01 1968378                    /lib/x86_64-linux-gnu/libnss_compat-2.24.so
7fc5d92ef000-7fc5d94ee000 ---p 00007000 08:01 1968378                    /lib/x86_64-linux-gnu/libnss_compat-2.24.so
7fc5d94ee000-7fc5d94ef000 r--p 00006000 08:01 1968378                    /lib/x86_64-linux-gnu/libnss_compat-2.24.so
7fc5d94ef000-7fc5d94f0000 rw-p 00007000 08:01 1968378                    /lib/x86_64-linux-gnu/libnss_compat-2.24.so
7fc5d94f0000-7fc5d951a000 r-xp 00000000 08:01 2362301                    /usr/local/openjdk-8/jre/lib/amd64/libjava.so
7fc5d951a000-7fc5d9719000 ---p 0002a000 08:01 2362301                    /usr/local/openjdk-8/jre/lib/amd64/libjava.so
7fc5d9719000-7fc5d971a000 r--p 00029000 08:01 2362301                    /usr/local/openjdk-8/jre/lib/amd64/libjava.so
7fc5d971a000-7fc5d971c000 rw-p 0002a000 08:01 2362301                    /usr/local/openjdk-8/jre/lib/amd64/libjava.so
7fc5d971c000-7fc5d972a000 r-xp 00000000 08:01 2362321                    /usr/local/openjdk-8/jre/lib/amd64/libverify.so
7fc5d972a000-7fc5d9929000 ---p 0000e000 08:01 2362321                    /usr/local/openjdk-8/jre/lib/amd64/libverify.so
7fc5d9929000-7fc5d992b000 r--p 0000d000 08:01 2362321                    /usr/local/openjdk-8/jre/lib/amd64/libverify.so
7fc5d992b000-7fc5d992c000 rw-p 0000f000 08:01 2362321                    /usr/local/openjdk-8/jre/lib/amd64/libverify.so
7fc5d992c000-7fc5d9933000 r-xp 00000000 08:01 1968403                    /lib/x86_64-linux-gnu/librt-2.24.so
7fc5d9933000-7fc5d9b32000 ---p 00007000 08:01 1968403                    /lib/x86_64-linux-gnu/librt-2.24.so
7fc5d9b32000-7fc5d9b33000 r--p 00006000 08:01 1968403                    /lib/x86_64-linux-gnu/librt-2.24.so
7fc5d9b33000-7fc5d9b34000 rw-p 00007000 08:01 1968403                    /lib/x86_64-linux-gnu/librt-2.24.so
7fc5d9b34000-7fc5d9c37000 r-xp 00000000 08:01 1968365                    /lib/x86_64-linux-gnu/libm-2.24.so
7fc5d9c37000-7fc5d9e36000 ---p 00103000 08:01 1968365                    /lib/x86_64-linux-gnu/libm-2.24.so
7fc5d9e36000-7fc5d9e37000 r--p 00102000 08:01 1968365                    /lib/x86_64-linux-gnu/libm-2.24.so
7fc5d9e37000-7fc5d9e38000 rw-p 00103000 08:01 1968365                    /lib/x86_64-linux-gnu/libm-2.24.so
7fc5d9e38000-7fc5daa89000 r-xp 00000000 08:01 2362326                    /usr/local/openjdk-8/jre/lib/amd64/server/libjvm.so
7fc5daa89000-7fc5dac89000 ---p 00c51000 08:01 2362326                    /usr/local/openjdk-8/jre/lib/amd64/server/libjvm.so
7fc5dac89000-7fc5dad31000 r--p 00c51000 08:01 2362326                    /usr/local/openjdk-8/jre/lib/amd64/server/libjvm.so
7fc5dad31000-7fc5dad59000 rw-p 00cf9000 08:01 2362326                    /usr/local/openjdk-8/jre/lib/amd64/server/libjvm.so
7fc5dad59000-7fc5dad9c000 rw-p 00000000 00:00 0 
7fc5dad9c000-7fc5daf31000 r-xp 00000000 08:01 1968336                    /lib/x86_64-linux-gnu/libc-2.24.so
7fc5daf31000-7fc5db131000 ---p 00195000 08:01 1968336                    /lib/x86_64-linux-gnu/libc-2.24.so
7fc5db131000-7fc5db135000 r--p 00195000 08:01 1968336                    /lib/x86_64-linux-gnu/libc-2.24.so
7fc5db135000-7fc5db137000 rw-p 00199000 08:01 1968336                    /lib/x86_64-linux-gnu/libc-2.24.so
7fc5db137000-7fc5db13b000 rw-p 00000000 00:00 0 
7fc5db13b000-7fc5db13e000 r-xp 00000000 08:01 1968348                    /lib/x86_64-linux-gnu/libdl-2.24.so
7fc5db13e000-7fc5db33d000 ---p 00003000 08:01 1968348                    /lib/x86_64-linux-gnu/libdl-2.24.so
7fc5db33d000-7fc5db33e000 r--p 00002000 08:01 1968348                    /lib/x86_64-linux-gnu/libdl-2.24.so
7fc5db33e000-7fc5db33f000 rw-p 00003000 08:01 1968348                    /lib/x86_64-linux-gnu/libdl-2.24.so
7fc5db33f000-7fc5db355000 r-xp 00000000 08:01 2362396                    /usr/local/openjdk-8/lib/amd64/jli/libjli.so
7fc5db355000-7fc5db554000 ---p 00016000 08:01 2362396                    /usr/local/openjdk-8/lib/amd64/jli/libjli.so
7fc5db554000-7fc5db555000 r--p 00015000 08:01 2362396                    /usr/local/openjdk-8/lib/amd64/jli/libjli.so
7fc5db555000-7fc5db556000 rw-p 00016000 08:01 2362396                    /usr/local/openjdk-8/lib/amd64/jli/libjli.so
7fc5db556000-7fc5db56e000 r-xp 00000000 08:01 1968399                    /lib/x86_64-linux-gnu/libpthread-2.24.so
7fc5db56e000-7fc5db76d000 ---p 00018000 08:01 1968399                    /lib/x86_64-linux-gnu/libpthread-2.24.so
7fc5db76d000-7fc5db76e000 r--p 00017000 08:01 1968399                    /lib/x86_64-linux-gnu/libpthread-2.24.so
7fc5db76e000-7fc5db76f000 rw-p 00018000 08:01 1968399                    /lib/x86_64-linux-gnu/libpthread-2.24.so
7fc5db76f000-7fc5db773000 rw-p 00000000 00:00 0 
7fc5db773000-7fc5db796000 r-xp 00000000 08:01 1968318                    /lib/x86_64-linux-gnu/ld-2.24.so
7fc5db7a5000-7fc5db7a6000 r--p 00000000 08:01 1968811                    /usr/lib/locale/C.UTF-8/LC_NUMERIC
7fc5db7a6000-7fc5db7a7000 r--p 00000000 08:01 1968814                    /usr/lib/locale/C.UTF-8/LC_TIME
7fc5db7a7000-7fc5db7a8000 r--p 00000000 08:01 1968809                    /usr/lib/locale/C.UTF-8/LC_MONETARY
7fc5db7a8000-7fc5db7a9000 r--p 00000000 08:01 1968808                    /usr/lib/locale/C.UTF-8/LC_MESSAGES/SYS_LC_MESSAGES
7fc5db7a9000-7fc5db7aa000 r--p 00000000 08:01 1968812                    /usr/lib/locale/C.UTF-8/LC_PAPER
7fc5db7aa000-7fc5db7ab000 r--p 00000000 08:01 1968810                    /usr/lib/locale/C.UTF-8/LC_NAME
7fc5db7ab000-7fc5db7ac000 r--p 00000000 08:01 1968802                    /usr/lib/locale/C.UTF-8/LC_ADDRESS
7fc5db7ac000-7fc5db7ad000 r--p 00000000 08:01 1968813                    /usr/lib/locale/C.UTF-8/LC_TELEPHONE
7fc5db7ad000-7fc5db7b4000 r--s 00000000 08:01 1969091                    /usr/lib/x86_64-linux-gnu/gconv/gconv-modules.cache
7fc5db7b4000-7fc5db885000 rw-p 00000000 00:00 0 
7fc5db885000-7fc5db88d000 rw-s 00000000 08:01 655416                     /tmp/hsperfdata_root/1
7fc5db88d000-7fc5db891000 ---p 00000000 00:00 0 
7fc5db891000-7fc5db992000 rw-p 00000000 00:00 0 
7fc5db992000-7fc5db993000 r--p 00000000 08:01 1968806                    /usr/lib/locale/C.UTF-8/LC_MEASUREMENT
7fc5db993000-7fc5db994000 r--p 00000000 08:01 1968805                    /usr/lib/locale/C.UTF-8/LC_IDENTIFICATION
7fc5db994000-7fc5db995000 rw-p 00000000 00:00 0 
7fc5db995000-7fc5db996000 r--p 00000000 00:00 0 
7fc5db996000-7fc5db997000 r--p 00023000 08:01 1968318                    /lib/x86_64-linux-gnu/ld-2.24.so
7fc5db997000-7fc5db998000 rw-p 00024000 08:01 1968318                    /lib/x86_64-linux-gnu/ld-2.24.so
7fc5db998000-7fc5db999000 rw-p 00000000 00:00 0 
7ffd34ed4000-7ffd34ef5000 rw-p 00000000 00:00 0                          [stack]
7ffd34fa1000-7ffd34fa3000 r--p 00000000 00:00 0                          [vvar]
7ffd34fa3000-7ffd34fa5000 r-xp 00000000 00:00 0                          [vdso]
ffffffffff600000-ffffffffff601000 r-xp 00000000 00:00 0                  [vsyscall]

VM Arguments:
jvm_args: -Xmx1024M -Xms128M 
java_command: abc
java_class_path (initial): .
Launcher Type: SUN_STANDARD

Environment Variables:
JAVA_HOME=/usr/local/openjdk-8
PATH=/usr/local/openjdk-8/bin:/usr/local/sbin:/usr/local/bin:/usr/sbin:/usr/bin:/sbin:/bin

Signal Handlers:
SIGSEGV: [libjvm.so+0xa485f0], sa_mask[0]=11111111011111111101111111111110, sa_flags=SA_RESTART|SA_SIGINFO
SIGBUS: [libjvm.so+0xa485f0], sa_mask[0]=11111111011111111101111111111110, sa_flags=SA_RESTART|SA_SIGINFO
SIGFPE: [libjvm.so+0x8b05f0], sa_mask[0]=11111111011111111101111111111110, sa_flags=SA_RESTART|SA_SIGINFO
SIGPIPE: [libjvm.so+0x8b05f0], sa_mask[0]=11111111011111111101111111111110, sa_flags=SA_RESTART|SA_SIGINFO
SIGXFSZ: [libjvm.so+0x8b05f0], sa_mask[0]=11111111011111111101111111111110, sa_flags=SA_RESTART|SA_SIGINFO
SIGILL: [libjvm.so+0x8b05f0], sa_mask[0]=11111111011111111101111111111110, sa_flags=SA_RESTART|SA_SIGINFO
SIGUSR1: SIG_DFL, sa_mask[0]=00000000000000000000000000000000, sa_flags=none
SIGUSR2: [libjvm.so+0x8b1da0], sa_mask[0]=00000000000000000000000000000000, sa_flags=SA_RESTART|SA_SIGINFO
SIGHUP: [libjvm.so+0x8b37d0], sa_mask[0]=11111111011111111101111111111110, sa_flags=SA_RESTART|SA_SIGINFO
SIGINT: [libjvm.so+0x8b37d0], sa_mask[0]=11111111011111111101111111111110, sa_flags=SA_RESTART|SA_SIGINFO
SIGTERM: [libjvm.so+0x8b37d0], sa_mask[0]=11111111011111111101111111111110, sa_flags=SA_RESTART|SA_SIGINFO
SIGQUIT: [libjvm.so+0x8b37d0], sa_mask[0]=11111111011111111101111111111110, sa_flags=SA_RESTART|SA_SIGINFO


---------------  S Y S T E M  ---------------

OS:PRETTY_NAME="Debian GNU/Linux 9 (stretch)"
NAME="Debian GNU/Linux"
VERSION_ID="9"
VERSION="9 (stretch)"
ID=debian
HOME_URL="https://www.debian.org/"
SUPPORT_URL="https://www.debian.org/support"
BUG_REPORT_URL="https://bugs.debian.org/"

uname:Linux 4.9.125-linuxkit #1 SMP Fri Sep 7 08:20:28 UTC 2018 x86_64
libc:glibc 2.24 NPTL 2.24 
rlimit: STACK 8192k, CORE 0k, NPROC infinity, NOFILE 1048576, AS infinity
load average:2.74 2.96 2.69

/proc/meminfo:
MemTotal:        4042388 kB
MemFree:          138124 kB
MemAvailable:    3174948 kB
Buffers:           68768 kB
Cached:          3118644 kB
SwapCached:          132 kB
Active:           510788 kB
Inactive:        3210116 kB
Active(anon):     262788 kB
Inactive(anon):   271836 kB
Active(file):     248000 kB
Inactive(file):  2938280 kB
Unevictable:           0 kB
Mlocked:               0 kB
SwapTotal:       1048572 kB
SwapFree:        1043024 kB
Dirty:             27480 kB
Writeback:             0 kB
AnonPages:        533448 kB
Mapped:           173244 kB
Shmem:              1092 kB
Slab:             143496 kB
SReclaimable:     111416 kB
SUnreclaim:        32080 kB
KernelStack:        9728 kB
PageTables:         4360 kB
NFS_Unstable:          0 kB
Bounce:                0 kB
WritebackTmp:          0 kB
CommitLimit:     3069764 kB
Committed_AS:    1890368 kB
VmallocTotal:   34359738367 kB
VmallocUsed:           0 kB
VmallocChunk:          0 kB
AnonHugePages:      8192 kB
ShmemHugePages:        0 kB
ShmemPmdMapped:        0 kB
HugePages_Total:       0
HugePages_Free:        0
HugePages_Rsvd:        0
HugePages_Surp:        0
Hugepagesize:       2048 kB
DirectMap4k:       77228 kB
DirectMap2M:     4116480 kB
DirectMap1G:     2097152 kB

container (cgroup) information:
container_type: cgroupv1
cpu_cpuset_cpus: 0-1
cpu_memory_nodes: 0
active_processor_count: 2
cpu_quota: -1
cpu_period: 100000
cpu_shares: -1
memory_limit_in_bytes: 268435456
memory_and_swap_limit_in_bytes: 268435456
memory_soft_limit_in_bytes: -1
memory_usage_in_bytes: 50524160
memory_max_usage_in_bytes: 50642944


CPU:total 2 (initial active 2) (1 cores per cpu, 1 threads per core) family 6 model 61 stepping 4, cmov, cx8, fxsr, mmx, sse, sse2, sse3, ssse3, sse4.1, sse4.2, popcnt, avx, avx2, aes, clmul, erms, rtm, 3dnowpref, lzcnt, tsc, tscinvbit, bmi1, bmi2

/proc/cpuinfo:
processor	: 0
vendor_id	: GenuineIntel
cpu family	: 6
model		: 61
model name	: Intel(R) Core(TM) i5-5350U CPU @ 1.80GHz
stepping	: 4
cpu MHz		: 1798.741
cache size	: 3072 KB
physical id	: 0
siblings	: 1
core id		: 0
cpu cores	: 1
apicid		: 0
initial apicid	: 0
fpu		: yes
fpu_exception	: yes
cpuid level	: 20
wp		: yes
flags		: fpu vme de pse tsc msr pae mce cx8 apic sep mtrr pge mca cmov pat pse36 clflush mmx fxsr sse sse2 ss ht pbe syscall nx pdpe1gb lm constant_tsc rep_good nopl xtopology nonstop_tsc pni pclmulqdq dtes64 ds_cpl ssse3 sdbg fma cx16 xtpr pcid sse4_1 sse4_2 movbe popcnt aes xsave avx f16c rdrand hypervisor lahf_lm abm 3dnowprefetch kaiser fsgsbase bmi1 hle avx2 bmi2 erms rtm xsaveopt arat
bugs		: cpu_meltdown spectre_v1 spectre_v2 spec_store_bypass l1tf
bogomips	: 3597.48
clflush size	: 64
cache_alignment	: 64
address sizes	: 39 bits physical, 48 bits virtual
power management:

processor	: 1
vendor_id	: GenuineIntel
cpu family	: 6
model		: 61
model name	: Intel(R) Core(TM) i5-5350U CPU @ 1.80GHz
stepping	: 4
cpu MHz		: 1798.741
cache size	: 3072 KB
physical id	: 1
siblings	: 1
core id		: 0
cpu cores	: 1
apicid		: 1
initial apicid	: 1
fpu		: yes
fpu_exception	: yes
cpuid level	: 20
wp		: yes
flags		: fpu vme de pse tsc msr pae mce cx8 apic sep mtrr pge mca cmov pat pse36 clflush mmx fxsr sse sse2 ss ht pbe syscall nx pdpe1gb lm constant_tsc rep_good nopl xtopology nonstop_tsc pni pclmulqdq dtes64 ds_cpl ssse3 sdbg fma cx16 xtpr pcid sse4_1 sse4_2 movbe popcnt aes xsave avx f16c rdrand hypervisor lahf_lm abm 3dnowprefetch kaiser fsgsbase bmi1 hle avx2 bmi2 erms rtm xsaveopt arat
bugs		: cpu_meltdown spectre_v1 spectre_v2 spec_store_bypass l1tf
bogomips	: 3561.69
clflush size	: 64
cache_alignment	: 64
address sizes	: 39 bits physical, 48 bits virtual
power management:



Memory: 4k page, physical 262144k(212792k free), swap 1048572k(1043024k free)

vm_info: OpenJDK 64-Bit Server VM (25.212-b04) for linux-amd64 JRE (1.8.0_212-b04), built on Apr 10 2019 21:50:50 by "openjdk" with gcc 4.4.7 20120313 (Red Hat 4.4.7-23)

time: Thu Jul 18 16:53:54 2019
timezone: UTC
elapsed time: 135 seconds (0d 0h 2m 15s)

