#
# A fatal error has been detected by the Java Runtime Environment:
#
#  SIGSEGV (0xb) at pc=0x00007f0da70c3dde, pid=1, tid=0x00007f0da8368b40
#
# JRE version: OpenJDK Runtime Environment (8.0_212-b04) (build 1.8.0_212-b04)
# Java VM: OpenJDK 64-Bit Server VM (25.212-b04 mixed mode linux-amd64 compressed oops)
# Problematic frame:
# V  [libjvm.so+0x8b1dde]  SR_handler(int, siginfo*, ucontext*)+0x3e
#
# Failed to write core dump. Core dumps have been disabled. To enable core dumping, try "ulimit -c unlimited" before starting Java again
#
# If you would like to submit a bug report, please visit:
#   http://bugreport.java.com/bugreport/crash.jsp
#

---------------  T H R E A D  ---------------

Current thread is native thread

siginfo: si_signo: 11 (SIGSEGV), si_code: 1 (SEGV_MAPERR), si_addr: 0x0000000000000110

Registers:
RAX=0x0000000000000000, RBX=0x00007f0da8368ad8, RCX=0x00007f0da7f386dd, RDX=0x00007f0da8368e60
RSP=0x00007ffed6c75fc0, RBP=0x00007ffed6c76070, RSI=0x00007ffed6c761b0, RDI=0x0000000000000001
R8 =0x00000000000000ca, R9 =0x00007f0da83679d0, R10=0x0000000000000000, R11=0x0000000000000246
R12=0x00007ffed6c76630, R13=0x0000000000000002, R14=0x00007ffed6c761b0, R15=0x00007ffed6c76080
RIP=0x00007f0da70c3dde, EFLAGS=0x0000000000010246, CSGSFS=0x002b000000000033, ERR=0x0000000000000004
  TRAPNO=0x000000000000000e

Top of Stack: (sp=0x00007ffed6c75fc0)
0x00007ffed6c75fc0:   0000000001e5cb59 00007f0da7787038
0x00007ffed6c75fd0:   00007ffed6c760f0 00007f0da7779d90
0x00007ffed6c75fe0:   00007ffed6c76014 00007ffed6c760e0
0x00007ffed6c75ff0:   0000000001ed28b0 0000000000000008
0x00007ffed6c76000:   00000000034cee42 00007f0da7787038
0x00007ffed6c76010:   00000000d6c76130 0000000000000000
0x00007ffed6c76020:   00007ffed6c76054 00007f0da836a358
0x00007ffed6c76030:   00007ffed6c76180 00007f0da81562b4
0x00007ffed6c76040:   0000000000000001 00007f0da8367700
0x00007ffed6c76050:   00007ffed6c76630 0000000000000000
0x00007ffed6c76060:   00007f0da8368b40 00007f0da8367d28
0x00007ffed6c76070:   00007ffed6c76690 00007f0da7f410e0
0x00007ffed6c76080:   0000000000000007 0000000000000000
0x00007ffed6c76090:   0000000000000000 00007f0d00000000
0x00007ffed6c760a0:   0000000000000000 00000000000000ca
0x00007ffed6c760b0:   00007f0da83679d0 0000000000000000
0x00007ffed6c760c0:   0000000000000246 00007ffed6c76630
0x00007ffed6c760d0:   0000000000000000 00007f0da8368b40
0x00007ffed6c760e0:   00007f0da8367d28 00007f0da83679d0
0x00007ffed6c760f0:   0000000000000000 00007ffed6c76690
0x00007ffed6c76100:   00007f0da8367700 0000000000000006
0x00007ffed6c76110:   00000000000000ca 00007f0da7f386dd
0x00007ffed6c76120:   00007ffed6c76620 00007f0da7f386db
0x00007ffed6c76130:   0000000000000246 002b000000000033
0x00007ffed6c76140:   0000000000000000 0000000000000000
0x00007ffed6c76150:   0000000000000000 0000000000000000
0x00007ffed6c76160:   00007ffed6c76240 00007f0da836b7c0
0x00007ffed6c76170:   0000000000000005 0000000000000000
0x00007ffed6c76180:   0000000000000001 00007f0da836a500
0x00007ffed6c76190:   0000000000000001 0000000000000000
0x00007ffed6c761a0:   0000000000000000 0000000000000000
0x00007ffed6c761b0:   000000000000000c 0000000100000000 

Instructions: (pc=0x00007f0da70c3dde)
0x00007f0da70c3dbe:   b0 00 00 00 49 89 d7 e8 ce 10 96 ff 44 8b 28 48
0x00007f0da70c3dce:   89 c3 48 8b 05 11 6c 64 00 8b 38 e8 8a 1a 96 ff
0x00007f0da70c3dde:   4c 8b a0 10 01 00 00 41 8b 84 24 a8 00 00 00 83
0x00007f0da70c3dee:   f8 01 74 1e 44 89 2b 48 8b 5d d8 4c 8b 65 e0 4c 

Register to memory mapping:

RAX=0x0000000000000000 is an unknown value
RBX=0x00007f0da8368ad8 is an unknown value
RCX=0x00007f0da7f386dd: pthread_join+0xbd in /lib/x86_64-linux-gnu/libpthread.so.0 at 0x00007f0da7f30000
RDX=0x00007f0da8368e60 is an unknown value
RSP=0x00007ffed6c75fc0 is an unknown value
RBP=0x00007ffed6c76070 is an unknown value
RSI=0x00007ffed6c761b0 is an unknown value
RDI=0x0000000000000001 is an unknown value
R8 =0x00000000000000ca is an unknown value
R9 =0x00007f0da83679d0 is pointing into the stack for thread: 0x00007f0da000a800
R10=0x0000000000000000 is an unknown value
R11=0x0000000000000246 is an unknown value
R12=0x00007ffed6c76630 is an unknown value
R13=0x0000000000000002 is an unknown value
R14=0x00007ffed6c761b0 is an unknown value
R15=0x00007ffed6c76080 is an unknown value


Stack: [0x00007ffed6b7c000,0x00007ffed6c7c000],  sp=0x00007ffed6c75fc0,  free space=999k
Native frames: (J=compiled Java code, j=interpreted, Vv=VM code, C=native code)
V  [libjvm.so+0x8b1dde]  SR_handler(int, siginfo*, ucontext*)+0x3e
C  [libpthread.so.0+0x110e0]


---------------  P R O C E S S  ---------------

VM state:not at safepoint (normal execution)

VM Mutex/Monitor currently owned by a thread: None

heap address: 0x00000000c0000000, size: 1024 MB, Compressed Oops mode: 32-bit
Narrow klass base: 0x0000000000000000, Narrow klass shift: 3
Compressed class space size: 1073741824 Address: 0x0000000100000000

Heap:
 def new generation   total 39424K, used 10521K [0x00000000c0000000, 0x00000000c2ac0000, 0x00000000d5550000)
  eden space 35072K,  30% used [0x00000000c0000000, 0x00000000c0a46670, 0x00000000c2240000)
  from space 4352K,   0% used [0x00000000c2240000, 0x00000000c2240000, 0x00000000c2680000)
  to   space 4352K,   0% used [0x00000000c2680000, 0x00000000c2680000, 0x00000000c2ac0000)
 tenured generation   total 87424K, used 249K [0x00000000d5550000, 0x00000000daab0000, 0x0000000100000000)
   the space 87424K,   0% used [0x00000000d5550000, 0x00000000d558e658, 0x00000000d558e800, 0x00000000daab0000)
 Metaspace       used 2484K, capacity 4486K, committed 4864K, reserved 1056768K
  class space    used 256K, capacity 386K, committed 512K, reserved 1048576K

Card table byte_map: [0x00007f0da4eaf000,0x00007f0da50b0000] byte_map_base: 0x00007f0da48af000

Polling page: 0x00007f0da836f000

CodeCache: size=245760Kb used=1275Kb max_used=1286Kb free=244484Kb
 bounds [0x00007f0d91000000, 0x00007f0d91270000, 0x00007f0da0000000]
 total_blobs=316 nmethods=88 adapters=144
 compilation: enabled

Compilation events (10 events):
Event: 0.561 Thread 0x00007f0da00b0000   89   !   4       java.io.PrintStream::newLine (73 bytes)
Event: 0.583 Thread 0x00007f0da00b0000 nmethod 89 0x00007f0d9113f990 code [0x00007f0d9113fb80, 0x00007f0d91140be8]
Event: 0.583 Thread 0x00007f0da00b0000   79   !   4       sun.nio.cs.StreamEncoder::write (78 bytes)
Event: 0.610 Thread 0x00007f0da00b0000 nmethod 79 0x00007f0d91141850 code [0x00007f0d91141a20, 0x00007f0d911423e8]
Event: 0.679 Thread 0x00007f0da00b2800   90 %     3       abc::main @ 2 (23 bytes)
Event: 0.680 Thread 0x00007f0da00b2800 nmethod 90% 0x00007f0d91134590 code [0x00007f0d91134740, 0x00007f0d91134c58]
Event: 0.683 Thread 0x00007f0da00b2800   91       3       abc::main (23 bytes)
Event: 0.683 Thread 0x00007f0da00b2800 nmethod 91 0x00007f0d9112fbd0 code [0x00007f0d9112fd80, 0x00007f0d91130258]
Event: 0.788 Thread 0x00007f0da00b0000   92 %     4       abc::main @ 2 (23 bytes)
Event: 0.789 Thread 0x00007f0da00b0000 nmethod 92% 0x00007f0d91130f90 code [0x00007f0d911310e0, 0x00007f0d911311a8]

GC Heap History (10 events):
Event: 293.878 GC heap before
{Heap before GC invocations=14 (full 0):
 def new generation   total 39296K, used 35193K [0x00000000c0000000, 0x00000000c2aa0000, 0x00000000d5550000)
  eden space 34944K, 100% used [0x00000000c0000000, 0x00000000c2220000, 0x00000000c2220000)
  from space 4352K,   5% used [0x00000000c2220000, 0x00000000c225e658, 0x00000000c2660000)
  to   space 4352K,   0% used [0x00000000c2660000, 0x00000000c2660000, 0x00000000c2aa0000)
 tenured generation   total 87424K, used 0K [0x00000000d5550000, 0x00000000daab0000, 0x0000000100000000)
   the space 87424K,   0% used [0x00000000d5550000, 0x00000000d5550000, 0x00000000d5550200, 0x00000000daab0000)
 Metaspace       used 2484K, capacity 4486K, committed 4864K, reserved 1056768K
  class space    used 256K, capacity 386K, committed 512K, reserved 1048576K
Event: 293.879 GC heap after
Heap after GC invocations=15 (full 0):
 def new generation   total 39296K, used 249K [0x00000000c0000000, 0x00000000c2aa0000, 0x00000000d5550000)
  eden space 34944K,   0% used [0x00000000c0000000, 0x00000000c0000000, 0x00000000c2220000)
  from space 4352K,   5% used [0x00000000c2660000, 0x00000000c269e658, 0x00000000c2aa0000)
  to   space 4352K,   0% used [0x00000000c2220000, 0x00000000c2220000, 0x00000000c2660000)
 tenured generation   total 87424K, used 0K [0x00000000d5550000, 0x00000000daab0000, 0x0000000100000000)
   the space 87424K,   0% used [0x00000000d5550000, 0x00000000d5550000, 0x00000000d5550200, 0x00000000daab0000)
 Metaspace       used 2484K, capacity 4486K, committed 4864K, reserved 1056768K
  class space    used 256K, capacity 386K, committed 512K, reserved 1048576K
}
Event: 316.508 GC heap before
{Heap before GC invocations=15 (full 0):
 def new generation   total 39296K, used 35193K [0x00000000c0000000, 0x00000000c2aa0000, 0x00000000d5550000)
  eden space 34944K, 100% used [0x00000000c0000000, 0x00000000c2220000, 0x00000000c2220000)
  from space 4352K,   5% used [0x00000000c2660000, 0x00000000c269e658, 0x00000000c2aa0000)
  to   space 4352K,   0% used [0x00000000c2220000, 0x00000000c2220000, 0x00000000c2660000)
 tenured generation   total 87424K, used 0K [0x00000000d5550000, 0x00000000daab0000, 0x0000000100000000)
   the space 87424K,   0% used [0x00000000d5550000, 0x00000000d5550000, 0x00000000d5550200, 0x00000000daab0000)
 Metaspace       used 2484K, capacity 4486K, committed 4864K, reserved 1056768K
  class space    used 256K, capacity 386K, committed 512K, reserved 1048576K
Event: 316.509 GC heap after
Heap after GC invocations=16 (full 0):
 def new generation   total 39424K, used 0K [0x00000000c0000000, 0x00000000c2ac0000, 0x00000000d5550000)
  eden space 35072K,   0% used [0x00000000c0000000, 0x00000000c0000000, 0x00000000c2240000)
  from space 4352K,   0% used [0x00000000c2240000, 0x00000000c2240000, 0x00000000c2680000)
  to   space 4352K,   0% used [0x00000000c2680000, 0x00000000c2680000, 0x00000000c2ac0000)
 tenured generation   total 87424K, used 249K [0x00000000d5550000, 0x00000000daab0000, 0x0000000100000000)
   the space 87424K,   0% used [0x00000000d5550000, 0x00000000d558e658, 0x00000000d558e800, 0x00000000daab0000)
 Metaspace       used 2484K, capacity 4486K, committed 4864K, reserved 1056768K
  class space    used 256K, capacity 386K, committed 512K, reserved 1048576K
}
Event: 340.796 GC heap before
{Heap before GC invocations=16 (full 0):
 def new generation   total 39424K, used 35072K [0x00000000c0000000, 0x00000000c2ac0000, 0x00000000d5550000)
  eden space 35072K, 100% used [0x00000000c0000000, 0x00000000c2240000, 0x00000000c2240000)
  from space 4352K,   0% used [0x00000000c2240000, 0x00000000c2240000, 0x00000000c2680000)
  to   space 4352K,   0% used [0x00000000c2680000, 0x00000000c2680000, 0x00000000c2ac0000)
 tenured generation   total 87424K, used 249K [0x00000000d5550000, 0x00000000daab0000, 0x0000000100000000)
   the space 87424K,   0% used [0x00000000d5550000, 0x00000000d558e658, 0x00000000d558e800, 0x00000000daab0000)
 Metaspace       used 2484K, capacity 4486K, committed 4864K, reserved 1056768K
  class space    used 256K, capacity 386K, committed 512K, reserved 1048576K
Event: 340.797 GC heap after
Heap after GC invocations=17 (full 0):
 def new generation   total 39424K, used 0K [0x00000000c0000000, 0x00000000c2ac0000, 0x00000000d5550000)
  eden space 35072K,   0% used [0x00000000c0000000, 0x00000000c0000000, 0x00000000c2240000)
  from space 4352K,   0% used [0x00000000c2680000, 0x00000000c2680000, 0x00000000c2ac0000)
  to   space 4352K,   0% used [0x00000000c2240000, 0x00000000c2240000, 0x00000000c2680000)
 tenured generation   total 87424K, used 249K [0x00000000d5550000, 0x00000000daab0000, 0x0000000100000000)
   the space 87424K,   0% used [0x00000000d5550000, 0x00000000d558e658, 0x00000000d558e800, 0x00000000daab0000)
 Metaspace       used 2484K, capacity 4486K, committed 4864K, reserved 1056768K
  class space    used 256K, capacity 386K, committed 512K, reserved 1048576K
}
Event: 363.959 GC heap before
{Heap before GC invocations=17 (full 0):
 def new generation   total 39424K, used 35072K [0x00000000c0000000, 0x00000000c2ac0000, 0x00000000d5550000)
  eden space 35072K, 100% used [0x00000000c0000000, 0x00000000c2240000, 0x00000000c2240000)
  from space 4352K,   0% used [0x00000000c2680000, 0x00000000c2680000, 0x00000000c2ac0000)
  to   space 4352K,   0% used [0x00000000c2240000, 0x00000000c2240000, 0x00000000c2680000)
 tenured generation   total 87424K, used 249K [0x00000000d5550000, 0x00000000daab0000, 0x0000000100000000)
   the space 87424K,   0% used [0x00000000d5550000, 0x00000000d558e658, 0x00000000d558e800, 0x00000000daab0000)
 Metaspace       used 2484K, capacity 4486K, committed 4864K, reserved 1056768K
  class space    used 256K, capacity 386K, committed 512K, reserved 1048576K
Event: 363.960 GC heap after
Heap after GC invocations=18 (full 0):
 def new generation   total 39424K, used 0K [0x00000000c0000000, 0x00000000c2ac0000, 0x00000000d5550000)
  eden space 35072K,   0% used [0x00000000c0000000, 0x00000000c0000000, 0x00000000c2240000)
  from space 4352K,   0% used [0x00000000c2240000, 0x00000000c2240000, 0x00000000c2680000)
  to   space 4352K,   0% used [0x00000000c2680000, 0x00000000c2680000, 0x00000000c2ac0000)
 tenured generation   total 87424K, used 249K [0x00000000d5550000, 0x00000000daab0000, 0x0000000100000000)
   the space 87424K,   0% used [0x00000000d5550000, 0x00000000d558e658, 0x00000000d558e800, 0x00000000daab0000)
 Metaspace       used 2484K, capacity 4486K, committed 4864K, reserved 1056768K
  class space    used 256K, capacity 386K, committed 512K, reserved 1048576K
}
Event: 387.857 GC heap before
{Heap before GC invocations=18 (full 0):
 def new generation   total 39424K, used 35072K [0x00000000c0000000, 0x00000000c2ac0000, 0x00000000d5550000)
  eden space 35072K, 100% used [0x00000000c0000000, 0x00000000c2240000, 0x00000000c2240000)
  from space 4352K,   0% used [0x00000000c2240000, 0x00000000c2240000, 0x00000000c2680000)
  to   space 4352K,   0% used [0x00000000c2680000, 0x00000000c2680000, 0x00000000c2ac0000)
 tenured generation   total 87424K, used 249K [0x00000000d5550000, 0x00000000daab0000, 0x0000000100000000)
   the space 87424K,   0% used [0x00000000d5550000, 0x00000000d558e658, 0x00000000d558e800, 0x00000000daab0000)
 Metaspace       used 2484K, capacity 4486K, committed 4864K, reserved 1056768K
  class space    used 256K, capacity 386K, committed 512K, reserved 1048576K
Event: 387.857 GC heap after
Heap after GC invocations=19 (full 0):
 def new generation   total 39424K, used 0K [0x00000000c0000000, 0x00000000c2ac0000, 0x00000000d5550000)
  eden space 35072K,   0% used [0x00000000c0000000, 0x00000000c0000000, 0x00000000c2240000)
  from space 4352K,   0% used [0x00000000c2680000, 0x00000000c2680000, 0x00000000c2ac0000)
  to   space 4352K,   0% used [0x00000000c2240000, 0x00000000c2240000, 0x00000000c2680000)
 tenured generation   total 87424K, used 249K [0x00000000d5550000, 0x00000000daab0000, 0x0000000100000000)
   the space 87424K,   0% used [0x00000000d5550000, 0x00000000d558e658, 0x00000000d558e800, 0x00000000daab0000)
 Metaspace       used 2484K, capacity 4486K, committed 4864K, reserved 1056768K
  class space    used 256K, capacity 386K, committed 512K, reserved 1048576K
}

Deoptimization events (0 events):
No events

Classes redefined (0 events):
No events

Internal exceptions (2 events):
Event: 0.089 Thread 0x00007f0da000a800 Exception <a 'java/lang/NoSuchMethodError': Method sun.misc.Unsafe.defineClass(Ljava/lang/String;[BII)Ljava/lang/Class; name or signature does not match> (0x00000000c0007cb0) thrown at [/home/openjdk/jdk8u/hotspot/src/share/vm/prims/jni.cpp, line 4012]
Event: 0.089 Thread 0x00007f0da000a800 Exception <a 'java/lang/NoSuchMethodError': Method sun.misc.Unsafe.prefetchRead(Ljava/lang/Object;J)V name or signature does not match> (0x00000000c0007f98) thrown at [/home/openjdk/jdk8u/hotspot/src/share/vm/prims/jni.cpp, line 4012]

Events (10 events):
Event: 293.878 Executing VM operation: GenCollectForAllocation
Event: 293.879 Executing VM operation: GenCollectForAllocation done
Event: 316.508 Executing VM operation: GenCollectForAllocation
Event: 316.509 Executing VM operation: GenCollectForAllocation done
Event: 340.796 Executing VM operation: GenCollectForAllocation
Event: 340.797 Executing VM operation: GenCollectForAllocation done
Event: 363.959 Executing VM operation: GenCollectForAllocation
Event: 363.960 Executing VM operation: GenCollectForAllocation done
Event: 387.857 Executing VM operation: GenCollectForAllocation
Event: 387.857 Executing VM operation: GenCollectForAllocation done


Dynamic libraries:
00400000-00401000 r-xp 00000000 08:01 2361866                            /usr/local/openjdk-8/bin/java
00600000-00601000 r--p 00000000 08:01 2361866                            /usr/local/openjdk-8/bin/java
00601000-00602000 rw-p 00001000 08:01 2361866                            /usr/local/openjdk-8/bin/java
01ed1000-01ef2000 rw-p 00000000 00:00 0                                  [heap]
c0000000-c2ac0000 rw-p 00000000 00:00 0 
c2ac0000-d5550000 ---p 00000000 00:00 0 
d5550000-daab0000 rw-p 00000000 00:00 0 
daab0000-100000000 ---p 00000000 00:00 0 
100000000-100080000 rw-p 00000000 00:00 0 
100080000-140000000 ---p 00000000 00:00 0 
7f0d6c000000-7f0d6c021000 rw-p 00000000 00:00 0 
7f0d6c021000-7f0d70000000 ---p 00000000 00:00 0 
7f0d74000000-7f0d740bb000 rw-p 00000000 00:00 0 
7f0d740bb000-7f0d78000000 ---p 00000000 00:00 0 
7f0d78000000-7f0d78021000 rw-p 00000000 00:00 0 
7f0d78021000-7f0d7c000000 ---p 00000000 00:00 0 
7f0d7c000000-7f0d7c021000 rw-p 00000000 00:00 0 
7f0d7c021000-7f0d80000000 ---p 00000000 00:00 0 
7f0d80000000-7f0d80111000 rw-p 00000000 00:00 0 
7f0d80111000-7f0d84000000 ---p 00000000 00:00 0 
7f0d84000000-7f0d84021000 rw-p 00000000 00:00 0 
7f0d84021000-7f0d88000000 ---p 00000000 00:00 0 
7f0d88000000-7f0d88021000 rw-p 00000000 00:00 0 
7f0d88021000-7f0d8c000000 ---p 00000000 00:00 0 
7f0d8c000000-7f0d8c021000 rw-p 00000000 00:00 0 
7f0d8c021000-7f0d90000000 ---p 00000000 00:00 0 
7f0d906db000-7f0d90957000 rw-p 00000000 00:00 0 
7f0d90957000-7f0d90958000 ---p 00000000 00:00 0 
7f0d90958000-7f0d90a58000 rw-p 00000000 00:00 0 
7f0d90a58000-7f0d90a5b000 ---p 00000000 00:00 0 
7f0d90a5b000-7f0d90b59000 rw-p 00000000 00:00 0 
7f0d90b59000-7f0d90b5d000 ---p 00000000 00:00 0 
7f0d90b5d000-7f0d90c5a000 rw-p 00000000 00:00 0 
7f0d90c5a000-7f0d90c5e000 ---p 00000000 00:00 0 
7f0d90c5e000-7f0d90d5b000 rw-p 00000000 00:00 0 
7f0d90d5b000-7f0d90d5e000 ---p 00000000 00:00 0 
7f0d90d5e000-7f0d90e5c000 rw-p 00000000 00:00 0 
7f0d90e5c000-7f0d90e8d000 r--p 00000000 08:01 1968804                    /usr/lib/locale/C.UTF-8/LC_CTYPE
7f0d90e8d000-7f0d91000000 r--p 00000000 08:01 1968803                    /usr/lib/locale/C.UTF-8/LC_COLLATE
7f0d91000000-7f0d91270000 rwxp 00000000 00:00 0 
7f0d91270000-7f0da0000000 ---p 00000000 00:00 0 
7f0da0000000-7f0da00dd000 rw-p 00000000 00:00 0 
7f0da00dd000-7f0da4000000 ---p 00000000 00:00 0 
7f0da4011000-7f0da4014000 ---p 00000000 00:00 0 
7f0da4014000-7f0da4112000 rw-p 00000000 00:00 0 
7f0da4112000-7f0da4115000 ---p 00000000 00:00 0 
7f0da4115000-7f0da4213000 rw-p 00000000 00:00 0 
7f0da4213000-7f0da4214000 ---p 00000000 00:00 0 
7f0da4214000-7f0da4314000 rw-p 00000000 00:00 0 
7f0da4314000-7f0da44e3000 r--s 03c3b000 08:01 2362378                    /usr/local/openjdk-8/jre/lib/rt.jar
7f0da44e3000-7f0da4999000 rw-p 00000000 00:00 0 
7f0da4999000-7f0da4d59000 ---p 00000000 00:00 0 
7f0da4d59000-7f0da4d84000 rw-p 00000000 00:00 0 
7f0da4d84000-7f0da4eaf000 ---p 00000000 00:00 0 
7f0da4eaf000-7f0da4ec5000 rw-p 00000000 00:00 0 
7f0da4ec5000-7f0da4f59000 ---p 00000000 00:00 0 
7f0da4f59000-7f0da4f85000 rw-p 00000000 00:00 0 
7f0da4f85000-7f0da50af000 ---p 00000000 00:00 0 
7f0da50af000-7f0da50ba000 rw-p 00000000 00:00 0 
7f0da50ba000-7f0da5470000 ---p 00000000 00:00 0 
7f0da5470000-7f0da548b000 r-xp 00000000 08:01 2362322                    /usr/local/openjdk-8/jre/lib/amd64/libzip.so
7f0da548b000-7f0da568a000 ---p 0001b000 08:01 2362322                    /usr/local/openjdk-8/jre/lib/amd64/libzip.so
7f0da568a000-7f0da568b000 r--p 0001a000 08:01 2362322                    /usr/local/openjdk-8/jre/lib/amd64/libzip.so
7f0da568b000-7f0da568c000 rw-p 0001b000 08:01 2362322                    /usr/local/openjdk-8/jre/lib/amd64/libzip.so
7f0da568c000-7f0da5696000 r-xp 00000000 08:01 1968382                    /lib/x86_64-linux-gnu/libnss_files-2.24.so
7f0da5696000-7f0da5896000 ---p 0000a000 08:01 1968382                    /lib/x86_64-linux-gnu/libnss_files-2.24.so
7f0da5896000-7f0da5897000 r--p 0000a000 08:01 1968382                    /lib/x86_64-linux-gnu/libnss_files-2.24.so
7f0da5897000-7f0da5898000 rw-p 0000b000 08:01 1968382                    /lib/x86_64-linux-gnu/libnss_files-2.24.so
7f0da5898000-7f0da589e000 rw-p 00000000 00:00 0 
7f0da589e000-7f0da58a9000 r-xp 00000000 08:01 1968386                    /lib/x86_64-linux-gnu/libnss_nis-2.24.so
7f0da58a9000-7f0da5aa8000 ---p 0000b000 08:01 1968386                    /lib/x86_64-linux-gnu/libnss_nis-2.24.so
7f0da5aa8000-7f0da5aa9000 r--p 0000a000 08:01 1968386                    /lib/x86_64-linux-gnu/libnss_nis-2.24.so
7f0da5aa9000-7f0da5aaa000 rw-p 0000b000 08:01 1968386                    /lib/x86_64-linux-gnu/libnss_nis-2.24.so
7f0da5aaa000-7f0da5abe000 r-xp 00000000 08:01 1968376                    /lib/x86_64-linux-gnu/libnsl-2.24.so
7f0da5abe000-7f0da5cbe000 ---p 00014000 08:01 1968376                    /lib/x86_64-linux-gnu/libnsl-2.24.so
7f0da5cbe000-7f0da5cbf000 r--p 00014000 08:01 1968376                    /lib/x86_64-linux-gnu/libnsl-2.24.so
7f0da5cbf000-7f0da5cc0000 rw-p 00015000 08:01 1968376                    /lib/x86_64-linux-gnu/libnsl-2.24.so
7f0da5cc0000-7f0da5cc2000 rw-p 00000000 00:00 0 
7f0da5cc2000-7f0da5cc9000 r-xp 00000000 08:01 1968378                    /lib/x86_64-linux-gnu/libnss_compat-2.24.so
7f0da5cc9000-7f0da5ec8000 ---p 00007000 08:01 1968378                    /lib/x86_64-linux-gnu/libnss_compat-2.24.so
7f0da5ec8000-7f0da5ec9000 r--p 00006000 08:01 1968378                    /lib/x86_64-linux-gnu/libnss_compat-2.24.so
7f0da5ec9000-7f0da5eca000 rw-p 00007000 08:01 1968378                    /lib/x86_64-linux-gnu/libnss_compat-2.24.so
7f0da5eca000-7f0da5ef4000 r-xp 00000000 08:01 2362301                    /usr/local/openjdk-8/jre/lib/amd64/libjava.so
7f0da5ef4000-7f0da60f3000 ---p 0002a000 08:01 2362301                    /usr/local/openjdk-8/jre/lib/amd64/libjava.so
7f0da60f3000-7f0da60f4000 r--p 00029000 08:01 2362301                    /usr/local/openjdk-8/jre/lib/amd64/libjava.so
7f0da60f4000-7f0da60f6000 rw-p 0002a000 08:01 2362301                    /usr/local/openjdk-8/jre/lib/amd64/libjava.so
7f0da60f6000-7f0da6104000 r-xp 00000000 08:01 2362321                    /usr/local/openjdk-8/jre/lib/amd64/libverify.so
7f0da6104000-7f0da6303000 ---p 0000e000 08:01 2362321                    /usr/local/openjdk-8/jre/lib/amd64/libverify.so
7f0da6303000-7f0da6305000 r--p 0000d000 08:01 2362321                    /usr/local/openjdk-8/jre/lib/amd64/libverify.so
7f0da6305000-7f0da6306000 rw-p 0000f000 08:01 2362321                    /usr/local/openjdk-8/jre/lib/amd64/libverify.so
7f0da6306000-7f0da630d000 r-xp 00000000 08:01 1968403                    /lib/x86_64-linux-gnu/librt-2.24.so
7f0da630d000-7f0da650c000 ---p 00007000 08:01 1968403                    /lib/x86_64-linux-gnu/librt-2.24.so
7f0da650c000-7f0da650d000 r--p 00006000 08:01 1968403                    /lib/x86_64-linux-gnu/librt-2.24.so
7f0da650d000-7f0da650e000 rw-p 00007000 08:01 1968403                    /lib/x86_64-linux-gnu/librt-2.24.so
7f0da650e000-7f0da6611000 r-xp 00000000 08:01 1968365                    /lib/x86_64-linux-gnu/libm-2.24.so
7f0da6611000-7f0da6810000 ---p 00103000 08:01 1968365                    /lib/x86_64-linux-gnu/libm-2.24.so
7f0da6810000-7f0da6811000 r--p 00102000 08:01 1968365                    /lib/x86_64-linux-gnu/libm-2.24.so
7f0da6811000-7f0da6812000 rw-p 00103000 08:01 1968365                    /lib/x86_64-linux-gnu/libm-2.24.so
7f0da6812000-7f0da7463000 r-xp 00000000 08:01 2362326                    /usr/local/openjdk-8/jre/lib/amd64/server/libjvm.so
7f0da7463000-7f0da7663000 ---p 00c51000 08:01 2362326                    /usr/local/openjdk-8/jre/lib/amd64/server/libjvm.so
7f0da7663000-7f0da770b000 r--p 00c51000 08:01 2362326                    /usr/local/openjdk-8/jre/lib/amd64/server/libjvm.so
7f0da770b000-7f0da7733000 rw-p 00cf9000 08:01 2362326                    /usr/local/openjdk-8/jre/lib/amd64/server/libjvm.so
7f0da7733000-7f0da7776000 rw-p 00000000 00:00 0 
7f0da7776000-7f0da790b000 r-xp 00000000 08:01 1968336                    /lib/x86_64-linux-gnu/libc-2.24.so
7f0da790b000-7f0da7b0b000 ---p 00195000 08:01 1968336                    /lib/x86_64-linux-gnu/libc-2.24.so
7f0da7b0b000-7f0da7b0f000 r--p 00195000 08:01 1968336                    /lib/x86_64-linux-gnu/libc-2.24.so
7f0da7b0f000-7f0da7b11000 rw-p 00199000 08:01 1968336                    /lib/x86_64-linux-gnu/libc-2.24.so
7f0da7b11000-7f0da7b15000 rw-p 00000000 00:00 0 
7f0da7b15000-7f0da7b18000 r-xp 00000000 08:01 1968348                    /lib/x86_64-linux-gnu/libdl-2.24.so
7f0da7b18000-7f0da7d17000 ---p 00003000 08:01 1968348                    /lib/x86_64-linux-gnu/libdl-2.24.so
7f0da7d17000-7f0da7d18000 r--p 00002000 08:01 1968348                    /lib/x86_64-linux-gnu/libdl-2.24.so
7f0da7d18000-7f0da7d19000 rw-p 00003000 08:01 1968348                    /lib/x86_64-linux-gnu/libdl-2.24.so
7f0da7d19000-7f0da7d2f000 r-xp 00000000 08:01 2362396                    /usr/local/openjdk-8/lib/amd64/jli/libjli.so
7f0da7d2f000-7f0da7f2e000 ---p 00016000 08:01 2362396                    /usr/local/openjdk-8/lib/amd64/jli/libjli.so
7f0da7f2e000-7f0da7f2f000 r--p 00015000 08:01 2362396                    /usr/local/openjdk-8/lib/amd64/jli/libjli.so
7f0da7f2f000-7f0da7f30000 rw-p 00016000 08:01 2362396                    /usr/local/openjdk-8/lib/amd64/jli/libjli.so
7f0da7f30000-7f0da7f48000 r-xp 00000000 08:01 1968399                    /lib/x86_64-linux-gnu/libpthread-2.24.so
7f0da7f48000-7f0da8147000 ---p 00018000 08:01 1968399                    /lib/x86_64-linux-gnu/libpthread-2.24.so
7f0da8147000-7f0da8148000 r--p 00017000 08:01 1968399                    /lib/x86_64-linux-gnu/libpthread-2.24.so
7f0da8148000-7f0da8149000 rw-p 00018000 08:01 1968399                    /lib/x86_64-linux-gnu/libpthread-2.24.so
7f0da8149000-7f0da814d000 rw-p 00000000 00:00 0 
7f0da814d000-7f0da8170000 r-xp 00000000 08:01 1968318                    /lib/x86_64-linux-gnu/ld-2.24.so
7f0da817f000-7f0da8180000 r--p 00000000 08:01 1968811                    /usr/lib/locale/C.UTF-8/LC_NUMERIC
7f0da8180000-7f0da8181000 r--p 00000000 08:01 1968814                    /usr/lib/locale/C.UTF-8/LC_TIME
7f0da8181000-7f0da8182000 r--p 00000000 08:01 1968809                    /usr/lib/locale/C.UTF-8/LC_MONETARY
7f0da8182000-7f0da8183000 r--p 00000000 08:01 1968808                    /usr/lib/locale/C.UTF-8/LC_MESSAGES/SYS_LC_MESSAGES
7f0da8183000-7f0da8184000 r--p 00000000 08:01 1968812                    /usr/lib/locale/C.UTF-8/LC_PAPER
7f0da8184000-7f0da8185000 r--p 00000000 08:01 1968810                    /usr/lib/locale/C.UTF-8/LC_NAME
7f0da8185000-7f0da8186000 r--p 00000000 08:01 1968802                    /usr/lib/locale/C.UTF-8/LC_ADDRESS
7f0da8186000-7f0da8187000 r--p 00000000 08:01 1968813                    /usr/lib/locale/C.UTF-8/LC_TELEPHONE
7f0da8187000-7f0da818e000 r--s 00000000 08:01 1969091                    /usr/lib/x86_64-linux-gnu/gconv/gconv-modules.cache
7f0da818e000-7f0da825f000 rw-p 00000000 00:00 0 
7f0da825f000-7f0da8267000 rw-s 00000000 08:01 394568                     /tmp/hsperfdata_root/1
7f0da8267000-7f0da826b000 ---p 00000000 00:00 0 
7f0da826b000-7f0da836c000 rw-p 00000000 00:00 0 
7f0da836c000-7f0da836d000 r--p 00000000 08:01 1968806                    /usr/lib/locale/C.UTF-8/LC_MEASUREMENT
7f0da836d000-7f0da836e000 r--p 00000000 08:01 1968805                    /usr/lib/locale/C.UTF-8/LC_IDENTIFICATION
7f0da836e000-7f0da836f000 rw-p 00000000 00:00 0 
7f0da836f000-7f0da8370000 r--p 00000000 00:00 0 
7f0da8370000-7f0da8371000 r--p 00023000 08:01 1968318                    /lib/x86_64-linux-gnu/ld-2.24.so
7f0da8371000-7f0da8372000 rw-p 00024000 08:01 1968318                    /lib/x86_64-linux-gnu/ld-2.24.so
7f0da8372000-7f0da8373000 rw-p 00000000 00:00 0 
7ffed6c5b000-7ffed6c7c000 rw-p 00000000 00:00 0                          [stack]
7ffed6dd0000-7ffed6dd2000 r--p 00000000 00:00 0                          [vvar]
7ffed6dd2000-7ffed6dd4000 r-xp 00000000 00:00 0                          [vdso]
ffffffffff600000-ffffffffff601000 r-xp 00000000 00:00 0                  [vsyscall]

VM Arguments:
jvm_args: -Xmx1024M -Xms128M 
java_command: abc
java_class_path (initial): .
Launcher Type: SUN_STANDARD

Environment Variables:
JAVA_HOME=/usr/local/openjdk-8
PATH=/usr/local/openjdk-8/bin:/usr/local/sbin:/usr/local/bin:/usr/sbin:/usr/bin:/sbin:/bin

Signal Handlers:
SIGSEGV: [libjvm.so+0xa485f0], sa_mask[0]=11111111011111111101111111111110, sa_flags=SA_RESTART|SA_SIGINFO
SIGBUS: [libjvm.so+0xa485f0], sa_mask[0]=11111111011111111101111111111110, sa_flags=SA_RESTART|SA_SIGINFO
SIGFPE: [libjvm.so+0x8b05f0], sa_mask[0]=11111111011111111101111111111110, sa_flags=SA_RESTART|SA_SIGINFO
SIGPIPE: [libjvm.so+0x8b05f0], sa_mask[0]=11111111011111111101111111111110, sa_flags=SA_RESTART|SA_SIGINFO
SIGXFSZ: [libjvm.so+0x8b05f0], sa_mask[0]=11111111011111111101111111111110, sa_flags=SA_RESTART|SA_SIGINFO
SIGILL: [libjvm.so+0x8b05f0], sa_mask[0]=11111111011111111101111111111110, sa_flags=SA_RESTART|SA_SIGINFO
SIGUSR1: SIG_DFL, sa_mask[0]=00000000000000000000000000000000, sa_flags=none
SIGUSR2: [libjvm.so+0x8b1da0], sa_mask[0]=00000000000000000000000000000000, sa_flags=SA_RESTART|SA_SIGINFO
SIGHUP: [libjvm.so+0x8b37d0], sa_mask[0]=11111111011111111101111111111110, sa_flags=SA_RESTART|SA_SIGINFO
SIGINT: [libjvm.so+0x8b37d0], sa_mask[0]=11111111011111111101111111111110, sa_flags=SA_RESTART|SA_SIGINFO
SIGTERM: [libjvm.so+0x8b37d0], sa_mask[0]=11111111011111111101111111111110, sa_flags=SA_RESTART|SA_SIGINFO
SIGQUIT: [libjvm.so+0x8b37d0], sa_mask[0]=11111111011111111101111111111110, sa_flags=SA_RESTART|SA_SIGINFO


---------------  S Y S T E M  ---------------

OS:PRETTY_NAME="Debian GNU/Linux 9 (stretch)"
NAME="Debian GNU/Linux"
VERSION_ID="9"
VERSION="9 (stretch)"
ID=debian
HOME_URL="https://www.debian.org/"
SUPPORT_URL="https://www.debian.org/support"
BUG_REPORT_URL="https://bugs.debian.org/"

uname:Linux 4.9.125-linuxkit #1 SMP Fri Sep 7 08:20:28 UTC 2018 x86_64
libc:glibc 2.24 NPTL 2.24 
rlimit: STACK 8192k, CORE 0k, NPROC infinity, NOFILE 1048576, AS infinity
load average:2.90 2.11 1.07

/proc/meminfo:
MemTotal:        4042388 kB
MemFree:          301408 kB
MemAvailable:    3275096 kB
Buffers:           63124 kB
Cached:          3059408 kB
SwapCached:            0 kB
Active:           601356 kB
Inactive:        2958112 kB
Active(anon):     407752 kB
Inactive(anon):    30240 kB
Active(file):     193604 kB
Inactive(file):  2927872 kB
Unevictable:           0 kB
Mlocked:               0 kB
SwapTotal:       1048572 kB
SwapFree:        1048572 kB
Dirty:             65644 kB
Writeback:             0 kB
AnonPages:        436984 kB
Mapped:           174932 kB
Shmem:              1008 kB
Slab:             144268 kB
SReclaimable:     114752 kB
SUnreclaim:        29516 kB
KernelStack:        8944 kB
PageTables:         3676 kB
NFS_Unstable:          0 kB
Bounce:                0 kB
WritebackTmp:          0 kB
CommitLimit:     3069764 kB
Committed_AS:    1527376 kB
VmallocTotal:   34359738367 kB
VmallocUsed:           0 kB
VmallocChunk:          0 kB
AnonHugePages:      8192 kB
ShmemHugePages:        0 kB
ShmemPmdMapped:        0 kB
HugePages_Total:       0
HugePages_Free:        0
HugePages_Rsvd:        0
HugePages_Surp:        0
Hugepagesize:       2048 kB
DirectMap4k:       64940 kB
DirectMap2M:     4128768 kB
DirectMap1G:     2097152 kB

container (cgroup) information:
container_type: cgroupv1
cpu_cpuset_cpus: 0-1
cpu_memory_nodes: 0
active_processor_count: 2
cpu_quota: -1
cpu_period: 100000
cpu_shares: -1
memory_limit_in_bytes: 268435456
memory_and_swap_limit_in_bytes: 268435456
memory_soft_limit_in_bytes: -1
memory_usage_in_bytes: 49446912
memory_max_usage_in_bytes: 49541120


CPU:total 2 (initial active 2) (1 cores per cpu, 1 threads per core) family 6 model 61 stepping 4, cmov, cx8, fxsr, mmx, sse, sse2, sse3, ssse3, sse4.1, sse4.2, popcnt, avx, avx2, aes, clmul, erms, rtm, 3dnowpref, lzcnt, tsc, tscinvbit, bmi1, bmi2

/proc/cpuinfo:
processor	: 0
vendor_id	: GenuineIntel
cpu family	: 6
model		: 61
model name	: Intel(R) Core(TM) i5-5350U CPU @ 1.80GHz
stepping	: 4
cpu MHz		: 1798.741
cache size	: 3072 KB
physical id	: 0
siblings	: 1
core id		: 0
cpu cores	: 1
apicid		: 0
initial apicid	: 0
fpu		: yes
fpu_exception	: yes
cpuid level	: 20
wp		: yes
flags		: fpu vme de pse tsc msr pae mce cx8 apic sep mtrr pge mca cmov pat pse36 clflush mmx fxsr sse sse2 ss ht pbe syscall nx pdpe1gb lm constant_tsc rep_good nopl xtopology nonstop_tsc pni pclmulqdq dtes64 ds_cpl ssse3 sdbg fma cx16 xtpr pcid sse4_1 sse4_2 movbe popcnt aes xsave avx f16c rdrand hypervisor lahf_lm abm 3dnowprefetch kaiser fsgsbase bmi1 hle avx2 bmi2 erms rtm xsaveopt arat
bugs		: cpu_meltdown spectre_v1 spectre_v2 spec_store_bypass l1tf
bogomips	: 3597.48
clflush size	: 64
cache_alignment	: 64
address sizes	: 39 bits physical, 48 bits virtual
power management:

processor	: 1
vendor_id	: GenuineIntel
cpu family	: 6
model		: 61
model name	: Intel(R) Core(TM) i5-5350U CPU @ 1.80GHz
stepping	: 4
cpu MHz		: 1798.741
cache size	: 3072 KB
physical id	: 1
siblings	: 1
core id		: 0
cpu cores	: 1
apicid		: 1
initial apicid	: 1
fpu		: yes
fpu_exception	: yes
cpuid level	: 20
wp		: yes
flags		: fpu vme de pse tsc msr pae mce cx8 apic sep mtrr pge mca cmov pat pse36 clflush mmx fxsr sse sse2 ss ht pbe syscall nx pdpe1gb lm constant_tsc rep_good nopl xtopology nonstop_tsc pni pclmulqdq dtes64 ds_cpl ssse3 sdbg fma cx16 xtpr pcid sse4_1 sse4_2 movbe popcnt aes xsave avx f16c rdrand hypervisor lahf_lm abm 3dnowprefetch kaiser fsgsbase bmi1 hle avx2 bmi2 erms rtm xsaveopt arat
bugs		: cpu_meltdown spectre_v1 spectre_v2 spec_store_bypass l1tf
bogomips	: 3561.69
clflush size	: 64
cache_alignment	: 64
address sizes	: 39 bits physical, 48 bits virtual
power management:



Memory: 4k page, physical 262144k(213972k free), swap 1048572k(1048572k free)

vm_info: OpenJDK 64-Bit Server VM (25.212-b04) for linux-amd64 JRE (1.8.0_212-b04), built on Apr 10 2019 21:50:50 by "openjdk" with gcc 4.4.7 20120313 (Red Hat 4.4.7-23)

time: Thu Jul 18 13:43:05 2019
timezone: UTC
elapsed time: 412 seconds (0d 0h 6m 52s)

