#
# A fatal error has been detected by the Java Runtime Environment:
#
#  SIGSEGV (0xb) at pc=0x00007fb5e99b7dde, pid=1, tid=0x00007fb5eac5cb40
#
# JRE version: OpenJDK Runtime Environment (8.0_212-b04) (build 1.8.0_212-b04)
# Java VM: OpenJDK 64-Bit Server VM (25.212-b04 mixed mode linux-amd64 compressed oops)
# Problematic frame:
# V  [libjvm.so+0x8b1dde]  SR_handler(int, siginfo*, ucontext*)+0x3e
#
# Failed to write core dump. Core dumps have been disabled. To enable core dumping, try "ulimit -c unlimited" before starting Java again
#
# If you would like to submit a bug report, please visit:
#   http://bugreport.java.com/bugreport/crash.jsp
#

---------------  T H R E A D  ---------------

Current thread is native thread

siginfo: si_signo: 11 (SIGSEGV), si_code: 1 (SEGV_MAPERR), si_addr: 0x0000000000000110

Registers:
RAX=0x0000000000000000, RBX=0x00007fb5eac5cad8, RCX=0x00007fb5ea82c6dd, RDX=0x00007fb5eac5ce60
RSP=0x00007ffe005e8800, RBP=0x00007ffe005e88b0, RSI=0x00007ffe005e89f0, RDI=0x0000000000000001
R8 =0x00000000000000ca, R9 =0x00007fb5eac5b9d0, R10=0x0000000000000000, R11=0x0000000000000246
R12=0x00007ffe005e8e60, R13=0x0000000000000002, R14=0x00007ffe005e89f0, R15=0x00007ffe005e88c0
RIP=0x00007fb5e99b7dde, EFLAGS=0x0000000000010246, CSGSFS=0x002b000000000033, ERR=0x0000000000000004
  TRAPNO=0x000000000000000e

Top of Stack: (sp=0x00007ffe005e8800)
0x00007ffe005e8800:   0000000001e5cb59 00007fb5ea07b038
0x00007ffe005e8810:   00007ffe005e8930 00007fb5ea06dd90
0x00007ffe005e8820:   00007ffe005e8854 00007ffe005e8920
0x00007ffe005e8830:   00000000011848b0 0000000000000008
0x00007ffe005e8840:   00000000034cee42 00007fb5ea07b038
0x00007ffe005e8850:   00000000005e8970 0000000000000000
0x00007ffe005e8860:   00007ffe005e8894 00007fb5eac5e358
0x00007ffe005e8870:   00007ffe005e89c0 00007fb5eaa4a2b4
0x00007ffe005e8880:   0000000000000001 00007fb5eac5b700
0x00007ffe005e8890:   00007ffe005e8e60 0000000000000000
0x00007ffe005e88a0:   00007fb5eac5cb40 00007fb5eac5bd28
0x00007ffe005e88b0:   00007ffe005e8ec0 00007fb5ea8350e0
0x00007ffe005e88c0:   0000000000000007 0000000000000000
0x00007ffe005e88d0:   0000000000000000 00007fb500000000
0x00007ffe005e88e0:   0000000000000000 00000000000000ca
0x00007ffe005e88f0:   00007fb5eac5b9d0 0000000000000000
0x00007ffe005e8900:   0000000000000246 00007ffe005e8e60
0x00007ffe005e8910:   0000000000000000 00007fb5eac5cb40
0x00007ffe005e8920:   00007fb5eac5bd28 00007fb5eac5b9d0
0x00007ffe005e8930:   0000000000000000 00007ffe005e8ec0
0x00007ffe005e8940:   00007fb5eac5b700 0000000000000006
0x00007ffe005e8950:   00000000000000ca 00007fb5ea82c6dd
0x00007ffe005e8960:   00007ffe005e8e50 00007fb5ea82c6db
0x00007ffe005e8970:   0000000000000246 002b000000000033
0x00007ffe005e8980:   0000000000000000 0000000000000000
0x00007ffe005e8990:   0000000000000000 0000000000000000
0x00007ffe005e89a0:   00007ffe005e8a80 00007fb5eac5f7c0
0x00007ffe005e89b0:   0000000000000005 0000000000000000
0x00007ffe005e89c0:   0000000000000001 00007fb5eac5e500
0x00007ffe005e89d0:   0000000000000001 0000000000000000
0x00007ffe005e89e0:   0000000000000000 0000000000000000
0x00007ffe005e89f0:   000000000000000c 0000000100000000 

Instructions: (pc=0x00007fb5e99b7dde)
0x00007fb5e99b7dbe:   b0 00 00 00 49 89 d7 e8 ce 10 96 ff 44 8b 28 48
0x00007fb5e99b7dce:   89 c3 48 8b 05 11 6c 64 00 8b 38 e8 8a 1a 96 ff
0x00007fb5e99b7dde:   4c 8b a0 10 01 00 00 41 8b 84 24 a8 00 00 00 83
0x00007fb5e99b7dee:   f8 01 74 1e 44 89 2b 48 8b 5d d8 4c 8b 65 e0 4c 

Register to memory mapping:

RAX=0x0000000000000000 is an unknown value
RBX=0x00007fb5eac5cad8 is an unknown value
RCX=0x00007fb5ea82c6dd: pthread_join+0xbd in /lib/x86_64-linux-gnu/libpthread.so.0 at 0x00007fb5ea824000
RDX=0x00007fb5eac5ce60 is an unknown value
RSP=0x00007ffe005e8800 is an unknown value
RBP=0x00007ffe005e88b0 is an unknown value
RSI=0x00007ffe005e89f0 is an unknown value
RDI=0x0000000000000001 is an unknown value
R8 =0x00000000000000ca is an unknown value
R9 =0x00007fb5eac5b9d0 is pointing into the stack for thread: 0x00007fb5e400a800
R10=0x0000000000000000 is an unknown value
R11=0x0000000000000246 is an unknown value
R12=0x00007ffe005e8e60 is an unknown value
R13=0x0000000000000002 is an unknown value
R14=0x00007ffe005e89f0 is an unknown value
R15=0x00007ffe005e88c0 is an unknown value


Stack: [0x00007ffe004ef000,0x00007ffe005ef000],  sp=0x00007ffe005e8800,  free space=998k
Native frames: (J=compiled Java code, j=interpreted, Vv=VM code, C=native code)
V  [libjvm.so+0x8b1dde]  SR_handler(int, siginfo*, ucontext*)+0x3e
C  [libpthread.so.0+0x110e0]


---------------  P R O C E S S  ---------------

VM state:not at safepoint (normal execution)

VM Mutex/Monitor currently owned by a thread: None

heap address: 0x00000000c0000000, size: 1024 MB, Compressed Oops mode: 32-bit
Narrow klass base: 0x0000000000000000, Narrow klass shift: 3
Compressed class space size: 1073741824 Address: 0x0000000100000000

Heap:
 def new generation   total 39296K, used 26805K [0x00000000c0000000, 0x00000000c2aa0000, 0x00000000d5550000)
  eden space 34944K,  75% used [0x00000000c0000000, 0x00000000c19eee10, 0x00000000c2220000)
  from space 4352K,   5% used [0x00000000c2220000, 0x00000000c225e658, 0x00000000c2660000)
  to   space 4352K,   0% used [0x00000000c2660000, 0x00000000c2660000, 0x00000000c2aa0000)
 tenured generation   total 87424K, used 0K [0x00000000d5550000, 0x00000000daab0000, 0x0000000100000000)
   the space 87424K,   0% used [0x00000000d5550000, 0x00000000d5550000, 0x00000000d5550200, 0x00000000daab0000)
 Metaspace       used 2484K, capacity 4486K, committed 4864K, reserved 1056768K
  class space    used 256K, capacity 386K, committed 512K, reserved 1048576K

Card table byte_map: [0x00007fb5d4611000,0x00007fb5d4812000] byte_map_base: 0x00007fb5d4011000

Polling page: 0x00007fb5eac63000

CodeCache: size=245760Kb used=1283Kb max_used=1294Kb free=244476Kb
 bounds [0x00007fb5d4bd2000, 0x00007fb5d4e42000, 0x00007fb5e3bd2000]
 total_blobs=313 nmethods=85 adapters=144
 compilation: enabled

Compilation events (10 events):
Event: 1.303 Thread 0x00007fb5e40b0000   84   !   4       java.io.PrintStream::newLine (73 bytes)
Event: 1.381 Thread 0x00007fb5e40b0000 nmethod 84 0x00007fb5d4d14550 code [0x00007fb5d4d14740, 0x00007fb5d4d157a8]
Event: 1.381 Thread 0x00007fb5e40b0000   72   !   4       sun.nio.cs.StreamEncoder::write (78 bytes)
Event: 1.427 Thread 0x00007fb5e40b0000 nmethod 72 0x00007fb5d4d16410 code [0x00007fb5d4d165e0, 0x00007fb5d4d16fa8]
Event: 1.498 Thread 0x00007fb5e40b2800   85 %     3       abc::main @ 2 (23 bytes)
Event: 1.498 Thread 0x00007fb5e40b2800 nmethod 85% 0x00007fb5d4d09e10 code [0x00007fb5d4d09fc0, 0x00007fb5d4d0a4d8]
Event: 1.505 Thread 0x00007fb5e40b2800   86       3       abc::main (23 bytes)
Event: 1.505 Thread 0x00007fb5e40b2800 nmethod 86 0x00007fb5d4cff5d0 code [0x00007fb5d4cff780, 0x00007fb5d4cffc58]
Event: 1.649 Thread 0x00007fb5e40b0000   87 %     4       abc::main @ 2 (23 bytes)
Event: 1.650 Thread 0x00007fb5e40b0000 nmethod 87% 0x00007fb5d4d02750 code [0x00007fb5d4d028a0, 0x00007fb5d4d02968]

GC Heap History (10 events):
Event: 151.522 GC heap before
{Heap before GC invocations=7 (full 0):
 def new generation   total 39296K, used 35193K [0x00000000c0000000, 0x00000000c2aa0000, 0x00000000d5550000)
  eden space 34944K, 100% used [0x00000000c0000000, 0x00000000c2220000, 0x00000000c2220000)
  from space 4352K,   5% used [0x00000000c2660000, 0x00000000c269e658, 0x00000000c2aa0000)
  to   space 4352K,   0% used [0x00000000c2220000, 0x00000000c2220000, 0x00000000c2660000)
 tenured generation   total 87424K, used 0K [0x00000000d5550000, 0x00000000daab0000, 0x0000000100000000)
   the space 87424K,   0% used [0x00000000d5550000, 0x00000000d5550000, 0x00000000d5550200, 0x00000000daab0000)
 Metaspace       used 2484K, capacity 4486K, committed 4864K, reserved 1056768K
  class space    used 256K, capacity 386K, committed 512K, reserved 1048576K
Event: 151.522 GC heap after
Heap after GC invocations=8 (full 0):
 def new generation   total 39296K, used 249K [0x00000000c0000000, 0x00000000c2aa0000, 0x00000000d5550000)
  eden space 34944K,   0% used [0x00000000c0000000, 0x00000000c0000000, 0x00000000c2220000)
  from space 4352K,   5% used [0x00000000c2220000, 0x00000000c225e658, 0x00000000c2660000)
  to   space 4352K,   0% used [0x00000000c2660000, 0x00000000c2660000, 0x00000000c2aa0000)
 tenured generation   total 87424K, used 0K [0x00000000d5550000, 0x00000000daab0000, 0x0000000100000000)
   the space 87424K,   0% used [0x00000000d5550000, 0x00000000d5550000, 0x00000000d5550200, 0x00000000daab0000)
 Metaspace       used 2484K, capacity 4486K, committed 4864K, reserved 1056768K
  class space    used 256K, capacity 386K, committed 512K, reserved 1048576K
}
Event: 174.163 GC heap before
{Heap before GC invocations=8 (full 0):
 def new generation   total 39296K, used 35193K [0x00000000c0000000, 0x00000000c2aa0000, 0x00000000d5550000)
  eden space 34944K, 100% used [0x00000000c0000000, 0x00000000c2220000, 0x00000000c2220000)
  from space 4352K,   5% used [0x00000000c2220000, 0x00000000c225e658, 0x00000000c2660000)
  to   space 4352K,   0% used [0x00000000c2660000, 0x00000000c2660000, 0x00000000c2aa0000)
 tenured generation   total 87424K, used 0K [0x00000000d5550000, 0x00000000daab0000, 0x0000000100000000)
   the space 87424K,   0% used [0x00000000d5550000, 0x00000000d5550000, 0x00000000d5550200, 0x00000000daab0000)
 Metaspace       used 2484K, capacity 4486K, committed 4864K, reserved 1056768K
  class space    used 256K, capacity 386K, committed 512K, reserved 1048576K
Event: 174.164 GC heap after
Heap after GC invocations=9 (full 0):
 def new generation   total 39296K, used 249K [0x00000000c0000000, 0x00000000c2aa0000, 0x00000000d5550000)
  eden space 34944K,   0% used [0x00000000c0000000, 0x00000000c0000000, 0x00000000c2220000)
  from space 4352K,   5% used [0x00000000c2660000, 0x00000000c269e658, 0x00000000c2aa0000)
  to   space 4352K,   0% used [0x00000000c2220000, 0x00000000c2220000, 0x00000000c2660000)
 tenured generation   total 87424K, used 0K [0x00000000d5550000, 0x00000000daab0000, 0x0000000100000000)
   the space 87424K,   0% used [0x00000000d5550000, 0x00000000d5550000, 0x00000000d5550200, 0x00000000daab0000)
 Metaspace       used 2484K, capacity 4486K, committed 4864K, reserved 1056768K
  class space    used 256K, capacity 386K, committed 512K, reserved 1048576K
}
Event: 196.961 GC heap before
{Heap before GC invocations=9 (full 0):
 def new generation   total 39296K, used 35193K [0x00000000c0000000, 0x00000000c2aa0000, 0x00000000d5550000)
  eden space 34944K, 100% used [0x00000000c0000000, 0x00000000c2220000, 0x00000000c2220000)
  from space 4352K,   5% used [0x00000000c2660000, 0x00000000c269e658, 0x00000000c2aa0000)
  to   space 4352K,   0% used [0x00000000c2220000, 0x00000000c2220000, 0x00000000c2660000)
 tenured generation   total 87424K, used 0K [0x00000000d5550000, 0x00000000daab0000, 0x0000000100000000)
   the space 87424K,   0% used [0x00000000d5550000, 0x00000000d5550000, 0x00000000d5550200, 0x00000000daab0000)
 Metaspace       used 2484K, capacity 4486K, committed 4864K, reserved 1056768K
  class space    used 256K, capacity 386K, committed 512K, reserved 1048576K
Event: 196.962 GC heap after
Heap after GC invocations=10 (full 0):
 def new generation   total 39296K, used 249K [0x00000000c0000000, 0x00000000c2aa0000, 0x00000000d5550000)
  eden space 34944K,   0% used [0x00000000c0000000, 0x00000000c0000000, 0x00000000c2220000)
  from space 4352K,   5% used [0x00000000c2220000, 0x00000000c225e658, 0x00000000c2660000)
  to   space 4352K,   0% used [0x00000000c2660000, 0x00000000c2660000, 0x00000000c2aa0000)
 tenured generation   total 87424K, used 0K [0x00000000d5550000, 0x00000000daab0000, 0x0000000100000000)
   the space 87424K,   0% used [0x00000000d5550000, 0x00000000d5550000, 0x00000000d5550200, 0x00000000daab0000)
 Metaspace       used 2484K, capacity 4486K, committed 4864K, reserved 1056768K
  class space    used 256K, capacity 386K, committed 512K, reserved 1048576K
}
Event: 226.128 GC heap before
{Heap before GC invocations=10 (full 0):
 def new generation   total 39296K, used 35193K [0x00000000c0000000, 0x00000000c2aa0000, 0x00000000d5550000)
  eden space 34944K, 100% used [0x00000000c0000000, 0x00000000c2220000, 0x00000000c2220000)
  from space 4352K,   5% used [0x00000000c2220000, 0x00000000c225e658, 0x00000000c2660000)
  to   space 4352K,   0% used [0x00000000c2660000, 0x00000000c2660000, 0x00000000c2aa0000)
 tenured generation   total 87424K, used 0K [0x00000000d5550000, 0x00000000daab0000, 0x0000000100000000)
   the space 87424K,   0% used [0x00000000d5550000, 0x00000000d5550000, 0x00000000d5550200, 0x00000000daab0000)
 Metaspace       used 2484K, capacity 4486K, committed 4864K, reserved 1056768K
  class space    used 256K, capacity 386K, committed 512K, reserved 1048576K
Event: 226.129 GC heap after
Heap after GC invocations=11 (full 0):
 def new generation   total 39296K, used 249K [0x00000000c0000000, 0x00000000c2aa0000, 0x00000000d5550000)
  eden space 34944K,   0% used [0x00000000c0000000, 0x00000000c0000000, 0x00000000c2220000)
  from space 4352K,   5% used [0x00000000c2660000, 0x00000000c269e658, 0x00000000c2aa0000)
  to   space 4352K,   0% used [0x00000000c2220000, 0x00000000c2220000, 0x00000000c2660000)
 tenured generation   total 87424K, used 0K [0x00000000d5550000, 0x00000000daab0000, 0x0000000100000000)
   the space 87424K,   0% used [0x00000000d5550000, 0x00000000d5550000, 0x00000000d5550200, 0x00000000daab0000)
 Metaspace       used 2484K, capacity 4486K, committed 4864K, reserved 1056768K
  class space    used 256K, capacity 386K, committed 512K, reserved 1048576K
}
Event: 272.895 GC heap before
{Heap before GC invocations=11 (full 0):
 def new generation   total 39296K, used 35193K [0x00000000c0000000, 0x00000000c2aa0000, 0x00000000d5550000)
  eden space 34944K, 100% used [0x00000000c0000000, 0x00000000c2220000, 0x00000000c2220000)
  from space 4352K,   5% used [0x00000000c2660000, 0x00000000c269e658, 0x00000000c2aa0000)
  to   space 4352K,   0% used [0x00000000c2220000, 0x00000000c2220000, 0x00000000c2660000)
 tenured generation   total 87424K, used 0K [0x00000000d5550000, 0x00000000daab0000, 0x0000000100000000)
   the space 87424K,   0% used [0x00000000d5550000, 0x00000000d5550000, 0x00000000d5550200, 0x00000000daab0000)
 Metaspace       used 2484K, capacity 4486K, committed 4864K, reserved 1056768K
  class space    used 256K, capacity 386K, committed 512K, reserved 1048576K
Event: 272.896 GC heap after
Heap after GC invocations=12 (full 0):
 def new generation   total 39296K, used 249K [0x00000000c0000000, 0x00000000c2aa0000, 0x00000000d5550000)
  eden space 34944K,   0% used [0x00000000c0000000, 0x00000000c0000000, 0x00000000c2220000)
  from space 4352K,   5% used [0x00000000c2220000, 0x00000000c225e658, 0x00000000c2660000)
  to   space 4352K,   0% used [0x00000000c2660000, 0x00000000c2660000, 0x00000000c2aa0000)
 tenured generation   total 87424K, used 0K [0x00000000d5550000, 0x00000000daab0000, 0x0000000100000000)
   the space 87424K,   0% used [0x00000000d5550000, 0x00000000d5550000, 0x00000000d5550200, 0x00000000daab0000)
 Metaspace       used 2484K, capacity 4486K, committed 4864K, reserved 1056768K
  class space    used 256K, capacity 386K, committed 512K, reserved 1048576K
}

Deoptimization events (0 events):
No events

Classes redefined (0 events):
No events

Internal exceptions (2 events):
Event: 0.101 Thread 0x00007fb5e400a800 Exception <a 'java/lang/NoSuchMethodError': Method sun.misc.Unsafe.defineClass(Ljava/lang/String;[BII)Ljava/lang/Class; name or signature does not match> (0x00000000c0007cb0) thrown at [/home/openjdk/jdk8u/hotspot/src/share/vm/prims/jni.cpp, line 4012]
Event: 0.101 Thread 0x00007fb5e400a800 Exception <a 'java/lang/NoSuchMethodError': Method sun.misc.Unsafe.prefetchRead(Ljava/lang/Object;J)V name or signature does not match> (0x00000000c0007f98) thrown at [/home/openjdk/jdk8u/hotspot/src/share/vm/prims/jni.cpp, line 4012]

Events (10 events):
Event: 151.522 Executing VM operation: GenCollectForAllocation
Event: 151.522 Executing VM operation: GenCollectForAllocation done
Event: 174.163 Executing VM operation: GenCollectForAllocation
Event: 174.164 Executing VM operation: GenCollectForAllocation done
Event: 196.961 Executing VM operation: GenCollectForAllocation
Event: 196.962 Executing VM operation: GenCollectForAllocation done
Event: 226.128 Executing VM operation: GenCollectForAllocation
Event: 226.129 Executing VM operation: GenCollectForAllocation done
Event: 272.895 Executing VM operation: GenCollectForAllocation
Event: 272.896 Executing VM operation: GenCollectForAllocation done


Dynamic libraries:
00400000-00401000 r-xp 00000000 08:01 2361866                            /usr/local/openjdk-8/bin/java
00600000-00601000 r--p 00000000 08:01 2361866                            /usr/local/openjdk-8/bin/java
00601000-00602000 rw-p 00001000 08:01 2361866                            /usr/local/openjdk-8/bin/java
01183000-011a4000 rw-p 00000000 00:00 0                                  [heap]
c0000000-c2aa0000 rw-p 00000000 00:00 0 
c2aa0000-d5550000 ---p 00000000 00:00 0 
d5550000-daab0000 rw-p 00000000 00:00 0 
daab0000-100000000 ---p 00000000 00:00 0 
100000000-100080000 rw-p 00000000 00:00 0 
100080000-140000000 ---p 00000000 00:00 0 
7fb5ac000000-7fb5ac021000 rw-p 00000000 00:00 0 
7fb5ac021000-7fb5b0000000 ---p 00000000 00:00 0 
7fb5b4000000-7fb5b40d3000 rw-p 00000000 00:00 0 
7fb5b40d3000-7fb5b8000000 ---p 00000000 00:00 0 
7fb5b8000000-7fb5b8021000 rw-p 00000000 00:00 0 
7fb5b8021000-7fb5bc000000 ---p 00000000 00:00 0 
7fb5bc000000-7fb5bc021000 rw-p 00000000 00:00 0 
7fb5bc021000-7fb5c0000000 ---p 00000000 00:00 0 
7fb5c0000000-7fb5c01f6000 rw-p 00000000 00:00 0 
7fb5c01f6000-7fb5c4000000 ---p 00000000 00:00 0 
7fb5c4000000-7fb5c4021000 rw-p 00000000 00:00 0 
7fb5c4021000-7fb5c8000000 ---p 00000000 00:00 0 
7fb5c8000000-7fb5c8021000 rw-p 00000000 00:00 0 
7fb5c8021000-7fb5cc000000 ---p 00000000 00:00 0 
7fb5cc000000-7fb5cc021000 rw-p 00000000 00:00 0 
7fb5cc021000-7fb5d0000000 ---p 00000000 00:00 0 
7fb5d2fd5000-7fb5d3251000 rw-p 00000000 00:00 0 
7fb5d3251000-7fb5d3252000 ---p 00000000 00:00 0 
7fb5d3252000-7fb5d3352000 rw-p 00000000 00:00 0 
7fb5d3352000-7fb5d3355000 ---p 00000000 00:00 0 
7fb5d3355000-7fb5d3453000 rw-p 00000000 00:00 0 
7fb5d3453000-7fb5d3457000 ---p 00000000 00:00 0 
7fb5d3457000-7fb5d3554000 rw-p 00000000 00:00 0 
7fb5d3554000-7fb5d3558000 ---p 00000000 00:00 0 
7fb5d3558000-7fb5d3655000 rw-p 00000000 00:00 0 
7fb5d3655000-7fb5d3658000 ---p 00000000 00:00 0 
7fb5d3658000-7fb5d3756000 rw-p 00000000 00:00 0 
7fb5d3756000-7fb5d38c9000 r--p 00000000 08:01 1968803                    /usr/lib/locale/C.UTF-8/LC_COLLATE
7fb5d38c9000-7fb5d38cc000 ---p 00000000 00:00 0 
7fb5d38cc000-7fb5d39ca000 rw-p 00000000 00:00 0 
7fb5d39ca000-7fb5d39cd000 ---p 00000000 00:00 0 
7fb5d39cd000-7fb5d3acb000 rw-p 00000000 00:00 0 
7fb5d3acb000-7fb5d3acc000 ---p 00000000 00:00 0 
7fb5d3acc000-7fb5d3bcc000 rw-p 00000000 00:00 0 
7fb5d3bcc000-7fb5d3d9b000 r--s 03c3b000 08:01 2362378                    /usr/local/openjdk-8/jre/lib/rt.jar
7fb5d3d9b000-7fb5d4251000 rw-p 00000000 00:00 0 
7fb5d4251000-7fb5d4611000 ---p 00000000 00:00 0 
7fb5d4611000-7fb5d4627000 rw-p 00000000 00:00 0 
7fb5d4627000-7fb5d46bb000 ---p 00000000 00:00 0 
7fb5d46bb000-7fb5d46e7000 rw-p 00000000 00:00 0 
7fb5d46e7000-7fb5d4811000 ---p 00000000 00:00 0 
7fb5d4811000-7fb5d481c000 rw-p 00000000 00:00 0 
7fb5d481c000-7fb5d4bd2000 ---p 00000000 00:00 0 
7fb5d4bd2000-7fb5d4e42000 rwxp 00000000 00:00 0 
7fb5d4e42000-7fb5e3bd2000 ---p 00000000 00:00 0 
7fb5e3bd2000-7fb5e3bed000 r-xp 00000000 08:01 2362322                    /usr/local/openjdk-8/jre/lib/amd64/libzip.so
7fb5e3bed000-7fb5e3dec000 ---p 0001b000 08:01 2362322                    /usr/local/openjdk-8/jre/lib/amd64/libzip.so
7fb5e3dec000-7fb5e3ded000 r--p 0001a000 08:01 2362322                    /usr/local/openjdk-8/jre/lib/amd64/libzip.so
7fb5e3ded000-7fb5e3dee000 rw-p 0001b000 08:01 2362322                    /usr/local/openjdk-8/jre/lib/amd64/libzip.so
7fb5e3dee000-7fb5e3df8000 r-xp 00000000 08:01 1968382                    /lib/x86_64-linux-gnu/libnss_files-2.24.so
7fb5e3df8000-7fb5e3ff8000 ---p 0000a000 08:01 1968382                    /lib/x86_64-linux-gnu/libnss_files-2.24.so
7fb5e3ff8000-7fb5e3ff9000 r--p 0000a000 08:01 1968382                    /lib/x86_64-linux-gnu/libnss_files-2.24.so
7fb5e3ff9000-7fb5e3ffa000 rw-p 0000b000 08:01 1968382                    /lib/x86_64-linux-gnu/libnss_files-2.24.so
7fb5e3ffa000-7fb5e4000000 rw-p 00000000 00:00 0 
7fb5e4000000-7fb5e40cd000 rw-p 00000000 00:00 0 
7fb5e40cd000-7fb5e8000000 ---p 00000000 00:00 0 
7fb5e800b000-7fb5e803c000 r--p 00000000 08:01 1968804                    /usr/lib/locale/C.UTF-8/LC_CTYPE
7fb5e803c000-7fb5e8067000 rw-p 00000000 00:00 0 
7fb5e8067000-7fb5e8192000 ---p 00000000 00:00 0 
7fb5e8192000-7fb5e819d000 r-xp 00000000 08:01 1968386                    /lib/x86_64-linux-gnu/libnss_nis-2.24.so
7fb5e819d000-7fb5e839c000 ---p 0000b000 08:01 1968386                    /lib/x86_64-linux-gnu/libnss_nis-2.24.so
7fb5e839c000-7fb5e839d000 r--p 0000a000 08:01 1968386                    /lib/x86_64-linux-gnu/libnss_nis-2.24.so
7fb5e839d000-7fb5e839e000 rw-p 0000b000 08:01 1968386                    /lib/x86_64-linux-gnu/libnss_nis-2.24.so
7fb5e839e000-7fb5e83b2000 r-xp 00000000 08:01 1968376                    /lib/x86_64-linux-gnu/libnsl-2.24.so
7fb5e83b2000-7fb5e85b2000 ---p 00014000 08:01 1968376                    /lib/x86_64-linux-gnu/libnsl-2.24.so
7fb5e85b2000-7fb5e85b3000 r--p 00014000 08:01 1968376                    /lib/x86_64-linux-gnu/libnsl-2.24.so
7fb5e85b3000-7fb5e85b4000 rw-p 00015000 08:01 1968376                    /lib/x86_64-linux-gnu/libnsl-2.24.so
7fb5e85b4000-7fb5e85b6000 rw-p 00000000 00:00 0 
7fb5e85b6000-7fb5e85bd000 r-xp 00000000 08:01 1968378                    /lib/x86_64-linux-gnu/libnss_compat-2.24.so
7fb5e85bd000-7fb5e87bc000 ---p 00007000 08:01 1968378                    /lib/x86_64-linux-gnu/libnss_compat-2.24.so
7fb5e87bc000-7fb5e87bd000 r--p 00006000 08:01 1968378                    /lib/x86_64-linux-gnu/libnss_compat-2.24.so
7fb5e87bd000-7fb5e87be000 rw-p 00007000 08:01 1968378                    /lib/x86_64-linux-gnu/libnss_compat-2.24.so
7fb5e87be000-7fb5e87e8000 r-xp 00000000 08:01 2362301                    /usr/local/openjdk-8/jre/lib/amd64/libjava.so
7fb5e87e8000-7fb5e89e7000 ---p 0002a000 08:01 2362301                    /usr/local/openjdk-8/jre/lib/amd64/libjava.so
7fb5e89e7000-7fb5e89e8000 r--p 00029000 08:01 2362301                    /usr/local/openjdk-8/jre/lib/amd64/libjava.so
7fb5e89e8000-7fb5e89ea000 rw-p 0002a000 08:01 2362301                    /usr/local/openjdk-8/jre/lib/amd64/libjava.so
7fb5e89ea000-7fb5e89f8000 r-xp 00000000 08:01 2362321                    /usr/local/openjdk-8/jre/lib/amd64/libverify.so
7fb5e89f8000-7fb5e8bf7000 ---p 0000e000 08:01 2362321                    /usr/local/openjdk-8/jre/lib/amd64/libverify.so
7fb5e8bf7000-7fb5e8bf9000 r--p 0000d000 08:01 2362321                    /usr/local/openjdk-8/jre/lib/amd64/libverify.so
7fb5e8bf9000-7fb5e8bfa000 rw-p 0000f000 08:01 2362321                    /usr/local/openjdk-8/jre/lib/amd64/libverify.so
7fb5e8bfa000-7fb5e8c01000 r-xp 00000000 08:01 1968403                    /lib/x86_64-linux-gnu/librt-2.24.so
7fb5e8c01000-7fb5e8e00000 ---p 00007000 08:01 1968403                    /lib/x86_64-linux-gnu/librt-2.24.so
7fb5e8e00000-7fb5e8e01000 r--p 00006000 08:01 1968403                    /lib/x86_64-linux-gnu/librt-2.24.so
7fb5e8e01000-7fb5e8e02000 rw-p 00007000 08:01 1968403                    /lib/x86_64-linux-gnu/librt-2.24.so
7fb5e8e02000-7fb5e8f05000 r-xp 00000000 08:01 1968365                    /lib/x86_64-linux-gnu/libm-2.24.so
7fb5e8f05000-7fb5e9104000 ---p 00103000 08:01 1968365                    /lib/x86_64-linux-gnu/libm-2.24.so
7fb5e9104000-7fb5e9105000 r--p 00102000 08:01 1968365                    /lib/x86_64-linux-gnu/libm-2.24.so
7fb5e9105000-7fb5e9106000 rw-p 00103000 08:01 1968365                    /lib/x86_64-linux-gnu/libm-2.24.so
7fb5e9106000-7fb5e9d57000 r-xp 00000000 08:01 2362326                    /usr/local/openjdk-8/jre/lib/amd64/server/libjvm.so
7fb5e9d57000-7fb5e9f57000 ---p 00c51000 08:01 2362326                    /usr/local/openjdk-8/jre/lib/amd64/server/libjvm.so
7fb5e9f57000-7fb5e9fff000 r--p 00c51000 08:01 2362326                    /usr/local/openjdk-8/jre/lib/amd64/server/libjvm.so
7fb5e9fff000-7fb5ea027000 rw-p 00cf9000 08:01 2362326                    /usr/local/openjdk-8/jre/lib/amd64/server/libjvm.so
7fb5ea027000-7fb5ea06a000 rw-p 00000000 00:00 0 
7fb5ea06a000-7fb5ea1ff000 r-xp 00000000 08:01 1968336                    /lib/x86_64-linux-gnu/libc-2.24.so
7fb5ea1ff000-7fb5ea3ff000 ---p 00195000 08:01 1968336                    /lib/x86_64-linux-gnu/libc-2.24.so
7fb5ea3ff000-7fb5ea403000 r--p 00195000 08:01 1968336                    /lib/x86_64-linux-gnu/libc-2.24.so
7fb5ea403000-7fb5ea405000 rw-p 00199000 08:01 1968336                    /lib/x86_64-linux-gnu/libc-2.24.so
7fb5ea405000-7fb5ea409000 rw-p 00000000 00:00 0 
7fb5ea409000-7fb5ea40c000 r-xp 00000000 08:01 1968348                    /lib/x86_64-linux-gnu/libdl-2.24.so
7fb5ea40c000-7fb5ea60b000 ---p 00003000 08:01 1968348                    /lib/x86_64-linux-gnu/libdl-2.24.so
7fb5ea60b000-7fb5ea60c000 r--p 00002000 08:01 1968348                    /lib/x86_64-linux-gnu/libdl-2.24.so
7fb5ea60c000-7fb5ea60d000 rw-p 00003000 08:01 1968348                    /lib/x86_64-linux-gnu/libdl-2.24.so
7fb5ea60d000-7fb5ea623000 r-xp 00000000 08:01 2362396                    /usr/local/openjdk-8/lib/amd64/jli/libjli.so
7fb5ea623000-7fb5ea822000 ---p 00016000 08:01 2362396                    /usr/local/openjdk-8/lib/amd64/jli/libjli.so
7fb5ea822000-7fb5ea823000 r--p 00015000 08:01 2362396                    /usr/local/openjdk-8/lib/amd64/jli/libjli.so
7fb5ea823000-7fb5ea824000 rw-p 00016000 08:01 2362396                    /usr/local/openjdk-8/lib/amd64/jli/libjli.so
7fb5ea824000-7fb5ea83c000 r-xp 00000000 08:01 1968399                    /lib/x86_64-linux-gnu/libpthread-2.24.so
7fb5ea83c000-7fb5eaa3b000 ---p 00018000 08:01 1968399                    /lib/x86_64-linux-gnu/libpthread-2.24.so
7fb5eaa3b000-7fb5eaa3c000 r--p 00017000 08:01 1968399                    /lib/x86_64-linux-gnu/libpthread-2.24.so
7fb5eaa3c000-7fb5eaa3d000 rw-p 00018000 08:01 1968399                    /lib/x86_64-linux-gnu/libpthread-2.24.so
7fb5eaa3d000-7fb5eaa41000 rw-p 00000000 00:00 0 
7fb5eaa41000-7fb5eaa64000 r-xp 00000000 08:01 1968318                    /lib/x86_64-linux-gnu/ld-2.24.so
7fb5eaa73000-7fb5eaa74000 r--p 00000000 08:01 1968811                    /usr/lib/locale/C.UTF-8/LC_NUMERIC
7fb5eaa74000-7fb5eaa75000 r--p 00000000 08:01 1968814                    /usr/lib/locale/C.UTF-8/LC_TIME
7fb5eaa75000-7fb5eaa76000 r--p 00000000 08:01 1968809                    /usr/lib/locale/C.UTF-8/LC_MONETARY
7fb5eaa76000-7fb5eaa77000 r--p 00000000 08:01 1968808                    /usr/lib/locale/C.UTF-8/LC_MESSAGES/SYS_LC_MESSAGES
7fb5eaa77000-7fb5eaa78000 r--p 00000000 08:01 1968812                    /usr/lib/locale/C.UTF-8/LC_PAPER
7fb5eaa78000-7fb5eaa79000 r--p 00000000 08:01 1968810                    /usr/lib/locale/C.UTF-8/LC_NAME
7fb5eaa79000-7fb5eaa7a000 r--p 00000000 08:01 1968802                    /usr/lib/locale/C.UTF-8/LC_ADDRESS
7fb5eaa7a000-7fb5eaa7b000 r--p 00000000 08:01 1968813                    /usr/lib/locale/C.UTF-8/LC_TELEPHONE
7fb5eaa7b000-7fb5eaa82000 r--s 00000000 08:01 1969091                    /usr/lib/x86_64-linux-gnu/gconv/gconv-modules.cache
7fb5eaa82000-7fb5eab53000 rw-p 00000000 00:00 0 
7fb5eab53000-7fb5eab5b000 rw-s 00000000 08:01 394734                     /tmp/hsperfdata_root/1
7fb5eab5b000-7fb5eab5f000 ---p 00000000 00:00 0 
7fb5eab5f000-7fb5eac60000 rw-p 00000000 00:00 0 
7fb5eac60000-7fb5eac61000 r--p 00000000 08:01 1968806                    /usr/lib/locale/C.UTF-8/LC_MEASUREMENT
7fb5eac61000-7fb5eac62000 r--p 00000000 08:01 1968805                    /usr/lib/locale/C.UTF-8/LC_IDENTIFICATION
7fb5eac62000-7fb5eac63000 rw-p 00000000 00:00 0 
7fb5eac63000-7fb5eac64000 r--p 00000000 00:00 0 
7fb5eac64000-7fb5eac65000 r--p 00023000 08:01 1968318                    /lib/x86_64-linux-gnu/ld-2.24.so
7fb5eac65000-7fb5eac66000 rw-p 00024000 08:01 1968318                    /lib/x86_64-linux-gnu/ld-2.24.so
7fb5eac66000-7fb5eac67000 rw-p 00000000 00:00 0 
7ffe005ce000-7ffe005ef000 rw-p 00000000 00:00 0                          [stack]
7ffe005ef000-7ffe005f1000 r--p 00000000 00:00 0                          [vvar]
7ffe005f1000-7ffe005f3000 r-xp 00000000 00:00 0                          [vdso]
ffffffffff600000-ffffffffff601000 r-xp 00000000 00:00 0                  [vsyscall]

VM Arguments:
jvm_args: -Xmx1024M -Xms128M 
java_command: abc
java_class_path (initial): .
Launcher Type: SUN_STANDARD

Environment Variables:
JAVA_HOME=/usr/local/openjdk-8
PATH=/usr/local/openjdk-8/bin:/usr/local/sbin:/usr/local/bin:/usr/sbin:/usr/bin:/sbin:/bin

Signal Handlers:
SIGSEGV: [libjvm.so+0xa485f0], sa_mask[0]=11111111011111111101111111111110, sa_flags=SA_RESTART|SA_SIGINFO
SIGBUS: [libjvm.so+0xa485f0], sa_mask[0]=11111111011111111101111111111110, sa_flags=SA_RESTART|SA_SIGINFO
SIGFPE: [libjvm.so+0x8b05f0], sa_mask[0]=11111111011111111101111111111110, sa_flags=SA_RESTART|SA_SIGINFO
SIGPIPE: [libjvm.so+0x8b05f0], sa_mask[0]=11111111011111111101111111111110, sa_flags=SA_RESTART|SA_SIGINFO
SIGXFSZ: [libjvm.so+0x8b05f0], sa_mask[0]=11111111011111111101111111111110, sa_flags=SA_RESTART|SA_SIGINFO
SIGILL: [libjvm.so+0x8b05f0], sa_mask[0]=11111111011111111101111111111110, sa_flags=SA_RESTART|SA_SIGINFO
SIGUSR1: SIG_DFL, sa_mask[0]=00000000000000000000000000000000, sa_flags=none
SIGUSR2: [libjvm.so+0x8b1da0], sa_mask[0]=00000000000000000000000000000000, sa_flags=SA_RESTART|SA_SIGINFO
SIGHUP: [libjvm.so+0x8b37d0], sa_mask[0]=11111111011111111101111111111110, sa_flags=SA_RESTART|SA_SIGINFO
SIGINT: [libjvm.so+0x8b37d0], sa_mask[0]=11111111011111111101111111111110, sa_flags=SA_RESTART|SA_SIGINFO
SIGTERM: [libjvm.so+0x8b37d0], sa_mask[0]=11111111011111111101111111111110, sa_flags=SA_RESTART|SA_SIGINFO
SIGQUIT: [libjvm.so+0x8b37d0], sa_mask[0]=11111111011111111101111111111110, sa_flags=SA_RESTART|SA_SIGINFO


---------------  S Y S T E M  ---------------

OS:PRETTY_NAME="Debian GNU/Linux 9 (stretch)"
NAME="Debian GNU/Linux"
VERSION_ID="9"
VERSION="9 (stretch)"
ID=debian
HOME_URL="https://www.debian.org/"
SUPPORT_URL="https://www.debian.org/support"
BUG_REPORT_URL="https://bugs.debian.org/"

uname:Linux 4.9.125-linuxkit #1 SMP Fri Sep 7 08:20:28 UTC 2018 x86_64
libc:glibc 2.24 NPTL 2.24 
rlimit: STACK 8192k, CORE 0k, NPROC infinity, NOFILE 1048576, AS infinity
load average:3.22 2.89 1.96

/proc/meminfo:
MemTotal:        4042388 kB
MemFree:          117064 kB
MemAvailable:    3219880 kB
Buffers:           65492 kB
Cached:          3191204 kB
SwapCached:          152 kB
Active:           500300 kB
Inactive:        3250920 kB
Active(anon):     255184 kB
Inactive(anon):   240588 kB
Active(file):     245116 kB
Inactive(file):  3010332 kB
Unevictable:           0 kB
Mlocked:               0 kB
SwapTotal:       1048572 kB
SwapFree:        1047656 kB
Dirty:             51732 kB
Writeback:             0 kB
AnonPages:        494648 kB
Mapped:           174504 kB
Shmem:              1036 kB
Slab:             135328 kB
SReclaimable:     105060 kB
SUnreclaim:        30268 kB
KernelStack:        9392 kB
PageTables:         4040 kB
NFS_Unstable:          0 kB
Bounce:                0 kB
WritebackTmp:          0 kB
CommitLimit:     3069764 kB
Committed_AS:    1730696 kB
VmallocTotal:   34359738367 kB
VmallocUsed:           0 kB
VmallocChunk:          0 kB
AnonHugePages:      8192 kB
ShmemHugePages:        0 kB
ShmemPmdMapped:        0 kB
HugePages_Total:       0
HugePages_Free:        0
HugePages_Rsvd:        0
HugePages_Surp:        0
Hugepagesize:       2048 kB
DirectMap4k:       75180 kB
DirectMap2M:     4118528 kB
DirectMap1G:     2097152 kB

container (cgroup) information:
container_type: cgroupv1
cpu_cpuset_cpus: 0-1
cpu_memory_nodes: 0
active_processor_count: 2
cpu_quota: -1
cpu_period: 100000
cpu_shares: -1
memory_limit_in_bytes: 268435456
memory_and_swap_limit_in_bytes: 268435456
memory_soft_limit_in_bytes: -1
memory_usage_in_bytes: 50270208
memory_max_usage_in_bytes: 50507776


CPU:total 2 (initial active 2) (1 cores per cpu, 1 threads per core) family 6 model 61 stepping 4, cmov, cx8, fxsr, mmx, sse, sse2, sse3, ssse3, sse4.1, sse4.2, popcnt, avx, avx2, aes, clmul, erms, rtm, 3dnowpref, lzcnt, tsc, tscinvbit, bmi1, bmi2

/proc/cpuinfo:
processor	: 0
vendor_id	: GenuineIntel
cpu family	: 6
model		: 61
model name	: Intel(R) Core(TM) i5-5350U CPU @ 1.80GHz
stepping	: 4
cpu MHz		: 1798.741
cache size	: 3072 KB
physical id	: 0
siblings	: 1
core id		: 0
cpu cores	: 1
apicid		: 0
initial apicid	: 0
fpu		: yes
fpu_exception	: yes
cpuid level	: 20
wp		: yes
flags		: fpu vme de pse tsc msr pae mce cx8 apic sep mtrr pge mca cmov pat pse36 clflush mmx fxsr sse sse2 ss ht pbe syscall nx pdpe1gb lm constant_tsc rep_good nopl xtopology nonstop_tsc pni pclmulqdq dtes64 ds_cpl ssse3 sdbg fma cx16 xtpr pcid sse4_1 sse4_2 movbe popcnt aes xsave avx f16c rdrand hypervisor lahf_lm abm 3dnowprefetch kaiser fsgsbase bmi1 hle avx2 bmi2 erms rtm xsaveopt arat
bugs		: cpu_meltdown spectre_v1 spectre_v2 spec_store_bypass l1tf
bogomips	: 3597.48
clflush size	: 64
cache_alignment	: 64
address sizes	: 39 bits physical, 48 bits virtual
power management:

processor	: 1
vendor_id	: GenuineIntel
cpu family	: 6
model		: 61
model name	: Intel(R) Core(TM) i5-5350U CPU @ 1.80GHz
stepping	: 4
cpu MHz		: 1798.741
cache size	: 3072 KB
physical id	: 1
siblings	: 1
core id		: 0
cpu cores	: 1
apicid		: 1
initial apicid	: 1
fpu		: yes
fpu_exception	: yes
cpuid level	: 20
wp		: yes
flags		: fpu vme de pse tsc msr pae mce cx8 apic sep mtrr pge mca cmov pat pse36 clflush mmx fxsr sse sse2 ss ht pbe syscall nx pdpe1gb lm constant_tsc rep_good nopl xtopology nonstop_tsc pni pclmulqdq dtes64 ds_cpl ssse3 sdbg fma cx16 xtpr pcid sse4_1 sse4_2 movbe popcnt aes xsave avx f16c rdrand hypervisor lahf_lm abm 3dnowprefetch kaiser fsgsbase bmi1 hle avx2 bmi2 erms rtm xsaveopt arat
bugs		: cpu_meltdown spectre_v1 spectre_v2 spec_store_bypass l1tf
bogomips	: 3561.69
clflush size	: 64
cache_alignment	: 64
address sizes	: 39 bits physical, 48 bits virtual
power management:



Memory: 4k page, physical 262144k(212928k free), swap 1048572k(1047656k free)

vm_info: OpenJDK 64-Bit Server VM (25.212-b04) for linux-amd64 JRE (1.8.0_212-b04), built on Apr 10 2019 21:50:50 by "openjdk" with gcc 4.4.7 20120313 (Red Hat 4.4.7-23)

time: Thu Jul 18 13:52:24 2019
timezone: UTC
elapsed time: 289 seconds (0d 0h 4m 49s)

