#
# A fatal error has been detected by the Java Runtime Environment:
#
#  SIGSEGV (0xb) at pc=0x00007f58fef05dde, pid=1, tid=0x00007f59001aab40
#
# JRE version: OpenJDK Runtime Environment (8.0_212-b04) (build 1.8.0_212-b04)
# Java VM: OpenJDK 64-Bit Server VM (25.212-b04 mixed mode linux-amd64 compressed oops)
# Problematic frame:
# V  [libjvm.so+0x8b1dde]  SR_handler(int, siginfo*, ucontext*)+0x3e
#
# Failed to write core dump. Core dumps have been disabled. To enable core dumping, try "ulimit -c unlimited" before starting Java again
#
# If you would like to submit a bug report, please visit:
#   http://bugreport.java.com/bugreport/crash.jsp
#

---------------  T H R E A D  ---------------

Current thread is native thread

siginfo: si_signo: 11 (SIGSEGV), si_code: 1 (SEGV_MAPERR), si_addr: 0x0000000000000110

Registers:
RAX=0x0000000000000000, RBX=0x00007f59001aaad8, RCX=0x00007f58ffd7a6dd, RDX=0x00007f59001aae60
RSP=0x00007ffdf8c38a00, RBP=0x00007ffdf8c38ab0, RSI=0x00007ffdf8c38bf0, RDI=0x0000000000000001
R8 =0x00000000000000ca, R9 =0x00007f59001a99d0, R10=0x0000000000000000, R11=0x0000000000000246
R12=0x00007ffdf8c39090, R13=0x0000000000000002, R14=0x00007ffdf8c38bf0, R15=0x00007ffdf8c38ac0
RIP=0x00007f58fef05dde, EFLAGS=0x0000000000010246, CSGSFS=0x002b000000000033, ERR=0x0000000000000004
  TRAPNO=0x000000000000000e

Top of Stack: (sp=0x00007ffdf8c38a00)
0x00007ffdf8c38a00:   0000000001e5cb59 00007f58ff5c9038
0x00007ffdf8c38a10:   00007ffdf8c38b30 00007f58ff5bbd90
0x00007ffdf8c38a20:   00007ffdf8c38a54 00007ffdf8c38b20
0x00007ffdf8c38a30:   00000000009568b0 0000000000000008
0x00007ffdf8c38a40:   00000000034cee42 00007f58ff5c9038
0x00007ffdf8c38a50:   00000000f8c38b70 0000000000000000
0x00007ffdf8c38a60:   00007ffdf8c38a94 00007f59001ac358
0x00007ffdf8c38a70:   00007ffdf8c38bc0 00007f59001ad6e8
0x00007ffdf8c38a80:   0000000000000001 00007f59001a9700
0x00007ffdf8c38a90:   00007ffdf8c39090 0000000000000000
0x00007ffdf8c38aa0:   00007f59001aab40 00007f59001a9d28
0x00007ffdf8c38ab0:   00007ffdf8c390f0 00007f58ffd830e0
0x00007ffdf8c38ac0:   0000000000000007 0000000000000000
0x00007ffdf8c38ad0:   0000000000000000 00007f5800000000
0x00007ffdf8c38ae0:   0000000000000000 00000000000000ca
0x00007ffdf8c38af0:   00007f59001a99d0 0000000000000000
0x00007ffdf8c38b00:   0000000000000246 00007ffdf8c39090
0x00007ffdf8c38b10:   0000000000000000 00007f59001aab40
0x00007ffdf8c38b20:   00007f59001a9d28 00007f59001a99d0
0x00007ffdf8c38b30:   0000000000000000 00007ffdf8c390f0
0x00007ffdf8c38b40:   00007f59001a9700 0000000000000007
0x00007ffdf8c38b50:   00000000000000ca 00007f58ffd7a6dd
0x00007ffdf8c38b60:   00007ffdf8c39080 00007f58ffd7a6db
0x00007ffdf8c38b70:   0000000000000246 002b000000000033
0x00007ffdf8c38b80:   0000000000000000 0000000000000000
0x00007ffdf8c38b90:   0000000000000000 0000000000000000
0x00007ffdf8c38ba0:   00007ffdf8c38c80 00007f59001ac858
0x00007ffdf8c38bb0:   00007ffdf8c38d00 00007f59001ad7c0
0x00007ffdf8c38bc0:   0000000000000005 0000000000000000
0x00007ffdf8c38bd0:   00007ffdf8c38d28 00007f58fff99001
0x00007ffdf8c38be0:   0000000000000001 0000000000000000
0x00007ffdf8c38bf0:   000000000000000c 0000000000000000 

Instructions: (pc=0x00007f58fef05dde)
0x00007f58fef05dbe:   b0 00 00 00 49 89 d7 e8 ce 10 96 ff 44 8b 28 48
0x00007f58fef05dce:   89 c3 48 8b 05 11 6c 64 00 8b 38 e8 8a 1a 96 ff
0x00007f58fef05dde:   4c 8b a0 10 01 00 00 41 8b 84 24 a8 00 00 00 83
0x00007f58fef05dee:   f8 01 74 1e 44 89 2b 48 8b 5d d8 4c 8b 65 e0 4c 

Register to memory mapping:

RAX=0x0000000000000000 is an unknown value
RBX=0x00007f59001aaad8 is an unknown value
RCX=0x00007f58ffd7a6dd: pthread_join+0xbd in /lib/x86_64-linux-gnu/libpthread.so.0 at 0x00007f58ffd72000
RDX=0x00007f59001aae60 is an unknown value
RSP=0x00007ffdf8c38a00 is an unknown value
RBP=0x00007ffdf8c38ab0 is an unknown value
RSI=0x00007ffdf8c38bf0 is an unknown value
RDI=0x0000000000000001 is an unknown value
R8 =0x00000000000000ca is an unknown value
R9 =0x00007f59001a99d0 is pointing into the stack for thread: 0x00007f58f800a800
R10=0x0000000000000000 is an unknown value
R11=0x0000000000000246 is an unknown value
R12=0x00007ffdf8c39090 is an unknown value
R13=0x0000000000000002 is an unknown value
R14=0x00007ffdf8c38bf0 is an unknown value
R15=0x00007ffdf8c38ac0 is an unknown value


Stack: [0x00007ffdf8b3e000,0x00007ffdf8c3e000],  sp=0x00007ffdf8c38a00,  free space=1002k
Native frames: (J=compiled Java code, j=interpreted, Vv=VM code, C=native code)
V  [libjvm.so+0x8b1dde]  SR_handler(int, siginfo*, ucontext*)+0x3e
C  [libpthread.so.0+0x110e0]


---------------  P R O C E S S  ---------------

VM state:not at safepoint (normal execution)

VM Mutex/Monitor currently owned by a thread: None

heap address: 0x00000000c0000000, size: 1024 MB, Compressed Oops mode: 32-bit
Narrow klass base: 0x0000000000000000, Narrow klass shift: 3
Compressed class space size: 1073741824 Address: 0x0000000100000000

Heap:
 def new generation   total 39296K, used 16256K [0x00000000c0000000, 0x00000000c2aa0000, 0x00000000d5550000)
  eden space 34944K,  45% used [0x00000000c0000000, 0x00000000c0fa1a70, 0x00000000c2220000)
  from space 4352K,   5% used [0x00000000c2660000, 0x00000000c269e658, 0x00000000c2aa0000)
  to   space 4352K,   0% used [0x00000000c2220000, 0x00000000c2220000, 0x00000000c2660000)
 tenured generation   total 87424K, used 0K [0x00000000d5550000, 0x00000000daab0000, 0x0000000100000000)
   the space 87424K,   0% used [0x00000000d5550000, 0x00000000d5550000, 0x00000000d5550200, 0x00000000daab0000)
 Metaspace       used 2483K, capacity 4486K, committed 4864K, reserved 1056768K
  class space    used 256K, capacity 386K, committed 512K, reserved 1048576K

Card table byte_map: [0x00007f58fccf1000,0x00007f58fcef2000] byte_map_base: 0x00007f58fc6f1000

Polling page: 0x00007f59001b1000

CodeCache: size=245760Kb used=1290Kb max_used=1305Kb free=244469Kb
 bounds [0x00007f58e9000000, 0x00007f58e9270000, 0x00007f58f8000000]
 total_blobs=319 nmethods=91 adapters=144
 compilation: enabled

Compilation events (10 events):
Event: 0.765 Thread 0x00007f58f80b0000   81       4       sun.nio.cs.StreamEncoder::implWrite (156 bytes)
Event: 0.809 Thread 0x00007f58f80b0000 nmethod 81 0x00007f58e9136e50 code [0x00007f58e9137000, 0x00007f58e91374a8]
Event: 0.965 Thread 0x00007f58f80b2800   91 %     3       abc::main @ 2 (23 bytes)
Event: 0.965 Thread 0x00007f58f80b2800 nmethod 91% 0x00007f58e912f1d0 code [0x00007f58e912f380, 0x00007f58e912f898]
Event: 0.966 Thread 0x00007f58f80b2800   92       3       abc::main (23 bytes)
Event: 0.966 Thread 0x00007f58f80b2800 nmethod 92 0x00007f58e912e8d0 code [0x00007f58e912ea80, 0x00007f58e912ef78]
Event: 0.977 Thread 0x00007f58f80b0000   93   !   4       java.io.PrintStream::write (83 bytes)
Event: 1.003 Thread 0x00007f58f80b0000 nmethod 93 0x00007f58e9146fd0 code [0x00007f58e91471c0, 0x00007f58e9148518]
Event: 1.273 Thread 0x00007f58f80b0000   94 %     4       abc::main @ 2 (23 bytes)
Event: 1.275 Thread 0x00007f58f80b0000 nmethod 94% 0x00007f58e912e5d0 code [0x00007f58e912e720, 0x00007f58e912e7e8]

GC Heap History (6 events):
Event: 2.956 GC heap before
{Heap before GC invocations=0 (full 0):
 def new generation   total 39296K, used 34944K [0x00000000c0000000, 0x00000000c2aa0000, 0x00000000d5550000)
  eden space 34944K, 100% used [0x00000000c0000000, 0x00000000c2220000, 0x00000000c2220000)
  from space 4352K,   0% used [0x00000000c2220000, 0x00000000c2220000, 0x00000000c2660000)
  to   space 4352K,   0% used [0x00000000c2660000, 0x00000000c2660000, 0x00000000c2aa0000)
 tenured generation   total 87424K, used 0K [0x00000000d5550000, 0x00000000daab0000, 0x0000000100000000)
   the space 87424K,   0% used [0x00000000d5550000, 0x00000000d5550000, 0x00000000d5550200, 0x00000000daab0000)
 Metaspace       used 2482K, capacity 4486K, committed 4864K, reserved 1056768K
  class space    used 256K, capacity 386K, committed 512K, reserved 1048576K
Event: 2.957 GC heap after
Heap after GC invocations=1 (full 0):
 def new generation   total 39296K, used 250K [0x00000000c0000000, 0x00000000c2aa0000, 0x00000000d5550000)
  eden space 34944K,   0% used [0x00000000c0000000, 0x00000000c0000000, 0x00000000c2220000)
  from space 4352K,   5% used [0x00000000c2660000, 0x00000000c269e820, 0x00000000c2aa0000)
  to   space 4352K,   0% used [0x00000000c2220000, 0x00000000c2220000, 0x00000000c2660000)
 tenured generation   total 87424K, used 0K [0x00000000d5550000, 0x00000000daab0000, 0x0000000100000000)
   the space 87424K,   0% used [0x00000000d5550000, 0x00000000d5550000, 0x00000000d5550200, 0x00000000daab0000)
 Metaspace       used 2482K, capacity 4486K, committed 4864K, reserved 1056768K
  class space    used 256K, capacity 386K, committed 512K, reserved 1048576K
}
Event: 69.615 GC heap before
{Heap before GC invocations=1 (full 0):
 def new generation   total 39296K, used 35194K [0x00000000c0000000, 0x00000000c2aa0000, 0x00000000d5550000)
  eden space 34944K, 100% used [0x00000000c0000000, 0x00000000c2220000, 0x00000000c2220000)
  from space 4352K,   5% used [0x00000000c2660000, 0x00000000c269e820, 0x00000000c2aa0000)
  to   space 4352K,   0% used [0x00000000c2220000, 0x00000000c2220000, 0x00000000c2660000)
 tenured generation   total 87424K, used 0K [0x00000000d5550000, 0x00000000daab0000, 0x0000000100000000)
   the space 87424K,   0% used [0x00000000d5550000, 0x00000000d5550000, 0x00000000d5550200, 0x00000000daab0000)
 Metaspace       used 2483K, capacity 4486K, committed 4864K, reserved 1056768K
  class space    used 256K, capacity 386K, committed 512K, reserved 1048576K
Event: 69.616 GC heap after
Heap after GC invocations=2 (full 0):
 def new generation   total 39296K, used 249K [0x00000000c0000000, 0x00000000c2aa0000, 0x00000000d5550000)
  eden space 34944K,   0% used [0x00000000c0000000, 0x00000000c0000000, 0x00000000c2220000)
  from space 4352K,   5% used [0x00000000c2220000, 0x00000000c225e658, 0x00000000c2660000)
  to   space 4352K,   0% used [0x00000000c2660000, 0x00000000c2660000, 0x00000000c2aa0000)
 tenured generation   total 87424K, used 0K [0x00000000d5550000, 0x00000000daab0000, 0x0000000100000000)
   the space 87424K,   0% used [0x00000000d5550000, 0x00000000d5550000, 0x00000000d5550200, 0x00000000daab0000)
 Metaspace       used 2483K, capacity 4486K, committed 4864K, reserved 1056768K
  class space    used 256K, capacity 386K, committed 512K, reserved 1048576K
}
Event: 147.278 GC heap before
{Heap before GC invocations=2 (full 0):
 def new generation   total 39296K, used 35193K [0x00000000c0000000, 0x00000000c2aa0000, 0x00000000d5550000)
  eden space 34944K, 100% used [0x00000000c0000000, 0x00000000c2220000, 0x00000000c2220000)
  from space 4352K,   5% used [0x00000000c2220000, 0x00000000c225e658, 0x00000000c2660000)
  to   space 4352K,   0% used [0x00000000c2660000, 0x00000000c2660000, 0x00000000c2aa0000)
 tenured generation   total 87424K, used 0K [0x00000000d5550000, 0x00000000daab0000, 0x0000000100000000)
   the space 87424K,   0% used [0x00000000d5550000, 0x00000000d5550000, 0x00000000d5550200, 0x00000000daab0000)
 Metaspace       used 2483K, capacity 4486K, committed 4864K, reserved 1056768K
  class space    used 256K, capacity 386K, committed 512K, reserved 1048576K
Event: 147.279 GC heap after
Heap after GC invocations=3 (full 0):
 def new generation   total 39296K, used 249K [0x00000000c0000000, 0x00000000c2aa0000, 0x00000000d5550000)
  eden space 34944K,   0% used [0x00000000c0000000, 0x00000000c0000000, 0x00000000c2220000)
  from space 4352K,   5% used [0x00000000c2660000, 0x00000000c269e658, 0x00000000c2aa0000)
  to   space 4352K,   0% used [0x00000000c2220000, 0x00000000c2220000, 0x00000000c2660000)
 tenured generation   total 87424K, used 0K [0x00000000d5550000, 0x00000000daab0000, 0x0000000100000000)
   the space 87424K,   0% used [0x00000000d5550000, 0x00000000d5550000, 0x00000000d5550200, 0x00000000daab0000)
 Metaspace       used 2483K, capacity 4486K, committed 4864K, reserved 1056768K
  class space    used 256K, capacity 386K, committed 512K, reserved 1048576K
}

Deoptimization events (0 events):
No events

Classes redefined (0 events):
No events

Internal exceptions (2 events):
Event: 0.105 Thread 0x00007f58f800a800 Exception <a 'java/lang/NoSuchMethodError': Method sun.misc.Unsafe.defineClass(Ljava/lang/String;[BII)Ljava/lang/Class; name or signature does not match> (0x00000000c0007cb0) thrown at [/home/openjdk/jdk8u/hotspot/src/share/vm/prims/jni.cpp, line 4012]
Event: 0.105 Thread 0x00007f58f800a800 Exception <a 'java/lang/NoSuchMethodError': Method sun.misc.Unsafe.prefetchRead(Ljava/lang/Object;J)V name or signature does not match> (0x00000000c0007f98) thrown at [/home/openjdk/jdk8u/hotspot/src/share/vm/prims/jni.cpp, line 4012]

Events (10 events):
Event: 1.275 Thread 0x00007f58f800a800 DEOPT PACKING pc=0x00007f58e912f783 sp=0x00007f59001a88e0
Event: 1.275 Thread 0x00007f58f800a800 DEOPT UNPACKING pc=0x00007f58e90474c4 sp=0x00007f59001a8668 mode 0
Event: 2.956 Executing VM operation: GenCollectForAllocation
Event: 2.957 Executing VM operation: GenCollectForAllocation done
Event: 4.318 Executing VM operation: EnableBiasedLocking
Event: 4.318 Executing VM operation: EnableBiasedLocking done
Event: 69.615 Executing VM operation: GenCollectForAllocation
Event: 69.616 Executing VM operation: GenCollectForAllocation done
Event: 147.278 Executing VM operation: GenCollectForAllocation
Event: 147.279 Executing VM operation: GenCollectForAllocation done


Dynamic libraries:
00400000-00401000 r-xp 00000000 08:01 2361866                            /usr/local/openjdk-8/bin/java
00600000-00601000 r--p 00000000 08:01 2361866                            /usr/local/openjdk-8/bin/java
00601000-00602000 rw-p 00001000 08:01 2361866                            /usr/local/openjdk-8/bin/java
00955000-00976000 rw-p 00000000 00:00 0                                  [heap]
c0000000-c2aa0000 rw-p 00000000 00:00 0 
c2aa0000-d5550000 ---p 00000000 00:00 0 
d5550000-daab0000 rw-p 00000000 00:00 0 
daab0000-100000000 ---p 00000000 00:00 0 
100000000-100080000 rw-p 00000000 00:00 0 
100080000-140000000 ---p 00000000 00:00 0 
7f58c4000000-7f58c4021000 rw-p 00000000 00:00 0 
7f58c4021000-7f58c8000000 ---p 00000000 00:00 0 
7f58cc000000-7f58cc0d3000 rw-p 00000000 00:00 0 
7f58cc0d3000-7f58d0000000 ---p 00000000 00:00 0 
7f58d0000000-7f58d0021000 rw-p 00000000 00:00 0 
7f58d0021000-7f58d4000000 ---p 00000000 00:00 0 
7f58d4000000-7f58d4021000 rw-p 00000000 00:00 0 
7f58d4021000-7f58d8000000 ---p 00000000 00:00 0 
7f58d8000000-7f58d82f6000 rw-p 00000000 00:00 0 
7f58d82f6000-7f58dc000000 ---p 00000000 00:00 0 
7f58dc000000-7f58dc021000 rw-p 00000000 00:00 0 
7f58dc021000-7f58e0000000 ---p 00000000 00:00 0 
7f58e0000000-7f58e0021000 rw-p 00000000 00:00 0 
7f58e0021000-7f58e4000000 ---p 00000000 00:00 0 
7f58e4000000-7f58e4021000 rw-p 00000000 00:00 0 
7f58e4021000-7f58e8000000 ---p 00000000 00:00 0 
7f58e850a000-7f58e8786000 rw-p 00000000 00:00 0 
7f58e8786000-7f58e8787000 ---p 00000000 00:00 0 
7f58e8787000-7f58e8887000 rw-p 00000000 00:00 0 
7f58e8887000-7f58e888a000 ---p 00000000 00:00 0 
7f58e888a000-7f58e8988000 rw-p 00000000 00:00 0 
7f58e8988000-7f58e898c000 ---p 00000000 00:00 0 
7f58e898c000-7f58e8a89000 rw-p 00000000 00:00 0 
7f58e8a89000-7f58e8a8d000 ---p 00000000 00:00 0 
7f58e8a8d000-7f58e8b8a000 rw-p 00000000 00:00 0 
7f58e8b8a000-7f58e8b8d000 ---p 00000000 00:00 0 
7f58e8b8d000-7f58e8c8b000 rw-p 00000000 00:00 0 
7f58e8c8b000-7f58e8dfe000 r--p 00000000 08:01 1968803                    /usr/lib/locale/C.UTF-8/LC_COLLATE
7f58e8dfe000-7f58e8e01000 ---p 00000000 00:00 0 
7f58e8e01000-7f58e8eff000 rw-p 00000000 00:00 0 
7f58e8eff000-7f58e8f02000 ---p 00000000 00:00 0 
7f58e8f02000-7f58e9000000 rw-p 00000000 00:00 0 
7f58e9000000-7f58e9270000 rwxp 00000000 00:00 0 
7f58e9270000-7f58f8000000 ---p 00000000 00:00 0 
7f58f8000000-7f58f80ce000 rw-p 00000000 00:00 0 
7f58f80ce000-7f58fc000000 ---p 00000000 00:00 0 
7f58fc024000-7f58fc055000 r--p 00000000 08:01 1968804                    /usr/lib/locale/C.UTF-8/LC_CTYPE
7f58fc055000-7f58fc056000 ---p 00000000 00:00 0 
7f58fc056000-7f58fc156000 rw-p 00000000 00:00 0 
7f58fc156000-7f58fc325000 r--s 03c3b000 08:01 2362378                    /usr/local/openjdk-8/jre/lib/rt.jar
7f58fc325000-7f58fc7db000 rw-p 00000000 00:00 0 
7f58fc7db000-7f58fcb9b000 ---p 00000000 00:00 0 
7f58fcb9b000-7f58fcbc6000 rw-p 00000000 00:00 0 
7f58fcbc6000-7f58fccf1000 ---p 00000000 00:00 0 
7f58fccf1000-7f58fcd07000 rw-p 00000000 00:00 0 
7f58fcd07000-7f58fcd9b000 ---p 00000000 00:00 0 
7f58fcd9b000-7f58fcdc7000 rw-p 00000000 00:00 0 
7f58fcdc7000-7f58fcef1000 ---p 00000000 00:00 0 
7f58fcef1000-7f58fcefc000 rw-p 00000000 00:00 0 
7f58fcefc000-7f58fd2b2000 ---p 00000000 00:00 0 
7f58fd2b2000-7f58fd2cd000 r-xp 00000000 08:01 2362322                    /usr/local/openjdk-8/jre/lib/amd64/libzip.so
7f58fd2cd000-7f58fd4cc000 ---p 0001b000 08:01 2362322                    /usr/local/openjdk-8/jre/lib/amd64/libzip.so
7f58fd4cc000-7f58fd4cd000 r--p 0001a000 08:01 2362322                    /usr/local/openjdk-8/jre/lib/amd64/libzip.so
7f58fd4cd000-7f58fd4ce000 rw-p 0001b000 08:01 2362322                    /usr/local/openjdk-8/jre/lib/amd64/libzip.so
7f58fd4ce000-7f58fd4d8000 r-xp 00000000 08:01 1968382                    /lib/x86_64-linux-gnu/libnss_files-2.24.so
7f58fd4d8000-7f58fd6d8000 ---p 0000a000 08:01 1968382                    /lib/x86_64-linux-gnu/libnss_files-2.24.so
7f58fd6d8000-7f58fd6d9000 r--p 0000a000 08:01 1968382                    /lib/x86_64-linux-gnu/libnss_files-2.24.so
7f58fd6d9000-7f58fd6da000 rw-p 0000b000 08:01 1968382                    /lib/x86_64-linux-gnu/libnss_files-2.24.so
7f58fd6da000-7f58fd6e0000 rw-p 00000000 00:00 0 
7f58fd6e0000-7f58fd6eb000 r-xp 00000000 08:01 1968386                    /lib/x86_64-linux-gnu/libnss_nis-2.24.so
7f58fd6eb000-7f58fd8ea000 ---p 0000b000 08:01 1968386                    /lib/x86_64-linux-gnu/libnss_nis-2.24.so
7f58fd8ea000-7f58fd8eb000 r--p 0000a000 08:01 1968386                    /lib/x86_64-linux-gnu/libnss_nis-2.24.so
7f58fd8eb000-7f58fd8ec000 rw-p 0000b000 08:01 1968386                    /lib/x86_64-linux-gnu/libnss_nis-2.24.so
7f58fd8ec000-7f58fd900000 r-xp 00000000 08:01 1968376                    /lib/x86_64-linux-gnu/libnsl-2.24.so
7f58fd900000-7f58fdb00000 ---p 00014000 08:01 1968376                    /lib/x86_64-linux-gnu/libnsl-2.24.so
7f58fdb00000-7f58fdb01000 r--p 00014000 08:01 1968376                    /lib/x86_64-linux-gnu/libnsl-2.24.so
7f58fdb01000-7f58fdb02000 rw-p 00015000 08:01 1968376                    /lib/x86_64-linux-gnu/libnsl-2.24.so
7f58fdb02000-7f58fdb04000 rw-p 00000000 00:00 0 
7f58fdb04000-7f58fdb0b000 r-xp 00000000 08:01 1968378                    /lib/x86_64-linux-gnu/libnss_compat-2.24.so
7f58fdb0b000-7f58fdd0a000 ---p 00007000 08:01 1968378                    /lib/x86_64-linux-gnu/libnss_compat-2.24.so
7f58fdd0a000-7f58fdd0b000 r--p 00006000 08:01 1968378                    /lib/x86_64-linux-gnu/libnss_compat-2.24.so
7f58fdd0b000-7f58fdd0c000 rw-p 00007000 08:01 1968378                    /lib/x86_64-linux-gnu/libnss_compat-2.24.so
7f58fdd0c000-7f58fdd36000 r-xp 00000000 08:01 2362301                    /usr/local/openjdk-8/jre/lib/amd64/libjava.so
7f58fdd36000-7f58fdf35000 ---p 0002a000 08:01 2362301                    /usr/local/openjdk-8/jre/lib/amd64/libjava.so
7f58fdf35000-7f58fdf36000 r--p 00029000 08:01 2362301                    /usr/local/openjdk-8/jre/lib/amd64/libjava.so
7f58fdf36000-7f58fdf38000 rw-p 0002a000 08:01 2362301                    /usr/local/openjdk-8/jre/lib/amd64/libjava.so
7f58fdf38000-7f58fdf46000 r-xp 00000000 08:01 2362321                    /usr/local/openjdk-8/jre/lib/amd64/libverify.so
7f58fdf46000-7f58fe145000 ---p 0000e000 08:01 2362321                    /usr/local/openjdk-8/jre/lib/amd64/libverify.so
7f58fe145000-7f58fe147000 r--p 0000d000 08:01 2362321                    /usr/local/openjdk-8/jre/lib/amd64/libverify.so
7f58fe147000-7f58fe148000 rw-p 0000f000 08:01 2362321                    /usr/local/openjdk-8/jre/lib/amd64/libverify.so
7f58fe148000-7f58fe14f000 r-xp 00000000 08:01 1968403                    /lib/x86_64-linux-gnu/librt-2.24.so
7f58fe14f000-7f58fe34e000 ---p 00007000 08:01 1968403                    /lib/x86_64-linux-gnu/librt-2.24.so
7f58fe34e000-7f58fe34f000 r--p 00006000 08:01 1968403                    /lib/x86_64-linux-gnu/librt-2.24.so
7f58fe34f000-7f58fe350000 rw-p 00007000 08:01 1968403                    /lib/x86_64-linux-gnu/librt-2.24.so
7f58fe350000-7f58fe453000 r-xp 00000000 08:01 1968365                    /lib/x86_64-linux-gnu/libm-2.24.so
7f58fe453000-7f58fe652000 ---p 00103000 08:01 1968365                    /lib/x86_64-linux-gnu/libm-2.24.so
7f58fe652000-7f58fe653000 r--p 00102000 08:01 1968365                    /lib/x86_64-linux-gnu/libm-2.24.so
7f58fe653000-7f58fe654000 rw-p 00103000 08:01 1968365                    /lib/x86_64-linux-gnu/libm-2.24.so
7f58fe654000-7f58ff2a5000 r-xp 00000000 08:01 2362326                    /usr/local/openjdk-8/jre/lib/amd64/server/libjvm.so
7f58ff2a5000-7f58ff4a5000 ---p 00c51000 08:01 2362326                    /usr/local/openjdk-8/jre/lib/amd64/server/libjvm.so
7f58ff4a5000-7f58ff54d000 r--p 00c51000 08:01 2362326                    /usr/local/openjdk-8/jre/lib/amd64/server/libjvm.so
7f58ff54d000-7f58ff575000 rw-p 00cf9000 08:01 2362326                    /usr/local/openjdk-8/jre/lib/amd64/server/libjvm.so
7f58ff575000-7f58ff5b8000 rw-p 00000000 00:00 0 
7f58ff5b8000-7f58ff74d000 r-xp 00000000 08:01 1968336                    /lib/x86_64-linux-gnu/libc-2.24.so
7f58ff74d000-7f58ff94d000 ---p 00195000 08:01 1968336                    /lib/x86_64-linux-gnu/libc-2.24.so
7f58ff94d000-7f58ff951000 r--p 00195000 08:01 1968336                    /lib/x86_64-linux-gnu/libc-2.24.so
7f58ff951000-7f58ff953000 rw-p 00199000 08:01 1968336                    /lib/x86_64-linux-gnu/libc-2.24.so
7f58ff953000-7f58ff957000 rw-p 00000000 00:00 0 
7f58ff957000-7f58ff95a000 r-xp 00000000 08:01 1968348                    /lib/x86_64-linux-gnu/libdl-2.24.so
7f58ff95a000-7f58ffb59000 ---p 00003000 08:01 1968348                    /lib/x86_64-linux-gnu/libdl-2.24.so
7f58ffb59000-7f58ffb5a000 r--p 00002000 08:01 1968348                    /lib/x86_64-linux-gnu/libdl-2.24.so
7f58ffb5a000-7f58ffb5b000 rw-p 00003000 08:01 1968348                    /lib/x86_64-linux-gnu/libdl-2.24.so
7f58ffb5b000-7f58ffb71000 r-xp 00000000 08:01 2362396                    /usr/local/openjdk-8/lib/amd64/jli/libjli.so
7f58ffb71000-7f58ffd70000 ---p 00016000 08:01 2362396                    /usr/local/openjdk-8/lib/amd64/jli/libjli.so
7f58ffd70000-7f58ffd71000 r--p 00015000 08:01 2362396                    /usr/local/openjdk-8/lib/amd64/jli/libjli.so
7f58ffd71000-7f58ffd72000 rw-p 00016000 08:01 2362396                    /usr/local/openjdk-8/lib/amd64/jli/libjli.so
7f58ffd72000-7f58ffd8a000 r-xp 00000000 08:01 1968399                    /lib/x86_64-linux-gnu/libpthread-2.24.so
7f58ffd8a000-7f58fff89000 ---p 00018000 08:01 1968399                    /lib/x86_64-linux-gnu/libpthread-2.24.so
7f58fff89000-7f58fff8a000 r--p 00017000 08:01 1968399                    /lib/x86_64-linux-gnu/libpthread-2.24.so
7f58fff8a000-7f58fff8b000 rw-p 00018000 08:01 1968399                    /lib/x86_64-linux-gnu/libpthread-2.24.so
7f58fff8b000-7f58fff8f000 rw-p 00000000 00:00 0 
7f58fff8f000-7f58fffb2000 r-xp 00000000 08:01 1968318                    /lib/x86_64-linux-gnu/ld-2.24.so
7f58fffc1000-7f58fffc2000 r--p 00000000 08:01 1968811                    /usr/lib/locale/C.UTF-8/LC_NUMERIC
7f58fffc2000-7f58fffc3000 r--p 00000000 08:01 1968814                    /usr/lib/locale/C.UTF-8/LC_TIME
7f58fffc3000-7f58fffc4000 r--p 00000000 08:01 1968809                    /usr/lib/locale/C.UTF-8/LC_MONETARY
7f58fffc4000-7f58fffc5000 r--p 00000000 08:01 1968808                    /usr/lib/locale/C.UTF-8/LC_MESSAGES/SYS_LC_MESSAGES
7f58fffc5000-7f58fffc6000 r--p 00000000 08:01 1968812                    /usr/lib/locale/C.UTF-8/LC_PAPER
7f58fffc6000-7f58fffc7000 r--p 00000000 08:01 1968810                    /usr/lib/locale/C.UTF-8/LC_NAME
7f58fffc7000-7f58fffc8000 r--p 00000000 08:01 1968802                    /usr/lib/locale/C.UTF-8/LC_ADDRESS
7f58fffc8000-7f58fffc9000 r--p 00000000 08:01 1968813                    /usr/lib/locale/C.UTF-8/LC_TELEPHONE
7f58fffc9000-7f58fffd0000 r--s 00000000 08:01 1969091                    /usr/lib/x86_64-linux-gnu/gconv/gconv-modules.cache
7f58fffd0000-7f59000a1000 rw-p 00000000 00:00 0 
7f59000a1000-7f59000a9000 rw-s 00000000 08:01 786488                     /tmp/hsperfdata_root/1
7f59000a9000-7f59000ad000 ---p 00000000 00:00 0 
7f59000ad000-7f59001ae000 rw-p 00000000 00:00 0 
7f59001ae000-7f59001af000 r--p 00000000 08:01 1968806                    /usr/lib/locale/C.UTF-8/LC_MEASUREMENT
7f59001af000-7f59001b0000 r--p 00000000 08:01 1968805                    /usr/lib/locale/C.UTF-8/LC_IDENTIFICATION
7f59001b0000-7f59001b1000 rw-p 00000000 00:00 0 
7f59001b1000-7f59001b2000 r--p 00000000 00:00 0 
7f59001b2000-7f59001b3000 r--p 00023000 08:01 1968318                    /lib/x86_64-linux-gnu/ld-2.24.so
7f59001b3000-7f59001b4000 rw-p 00024000 08:01 1968318                    /lib/x86_64-linux-gnu/ld-2.24.so
7f59001b4000-7f59001b5000 rw-p 00000000 00:00 0 
7ffdf8c1d000-7ffdf8c3e000 rw-p 00000000 00:00 0                          [stack]
7ffdf8daa000-7ffdf8dac000 r--p 00000000 00:00 0                          [vvar]
7ffdf8dac000-7ffdf8dae000 r-xp 00000000 00:00 0                          [vdso]
ffffffffff600000-ffffffffff601000 r-xp 00000000 00:00 0                  [vsyscall]

VM Arguments:
jvm_args: -Xmx1024M -Xms128M 
java_command: abc
java_class_path (initial): .
Launcher Type: SUN_STANDARD

Environment Variables:
JAVA_HOME=/usr/local/openjdk-8
PATH=/usr/local/openjdk-8/bin:/usr/local/sbin:/usr/local/bin:/usr/sbin:/usr/bin:/sbin:/bin

Signal Handlers:
SIGSEGV: [libjvm.so+0xa485f0], sa_mask[0]=11111111011111111101111111111110, sa_flags=SA_RESTART|SA_SIGINFO
SIGBUS: [libjvm.so+0xa485f0], sa_mask[0]=11111111011111111101111111111110, sa_flags=SA_RESTART|SA_SIGINFO
SIGFPE: [libjvm.so+0x8b05f0], sa_mask[0]=11111111011111111101111111111110, sa_flags=SA_RESTART|SA_SIGINFO
SIGPIPE: [libjvm.so+0x8b05f0], sa_mask[0]=11111111011111111101111111111110, sa_flags=SA_RESTART|SA_SIGINFO
SIGXFSZ: [libjvm.so+0x8b05f0], sa_mask[0]=11111111011111111101111111111110, sa_flags=SA_RESTART|SA_SIGINFO
SIGILL: [libjvm.so+0x8b05f0], sa_mask[0]=11111111011111111101111111111110, sa_flags=SA_RESTART|SA_SIGINFO
SIGUSR1: SIG_DFL, sa_mask[0]=00000000000000000000000000000000, sa_flags=none
SIGUSR2: [libjvm.so+0x8b1da0], sa_mask[0]=00000000000000000000000000000000, sa_flags=SA_RESTART|SA_SIGINFO
SIGHUP: [libjvm.so+0x8b37d0], sa_mask[0]=11111111011111111101111111111110, sa_flags=SA_RESTART|SA_SIGINFO
SIGINT: [libjvm.so+0x8b37d0], sa_mask[0]=11111111011111111101111111111110, sa_flags=SA_RESTART|SA_SIGINFO
SIGTERM: [libjvm.so+0x8b37d0], sa_mask[0]=11111111011111111101111111111110, sa_flags=SA_RESTART|SA_SIGINFO
SIGQUIT: [libjvm.so+0x8b37d0], sa_mask[0]=11111111011111111101111111111110, sa_flags=SA_RESTART|SA_SIGINFO


---------------  S Y S T E M  ---------------

OS:PRETTY_NAME="Debian GNU/Linux 9 (stretch)"
NAME="Debian GNU/Linux"
VERSION_ID="9"
VERSION="9 (stretch)"
ID=debian
HOME_URL="https://www.debian.org/"
SUPPORT_URL="https://www.debian.org/support"
BUG_REPORT_URL="https://bugs.debian.org/"

uname:Linux 4.9.125-linuxkit #1 SMP Fri Sep 7 08:20:28 UTC 2018 x86_64
libc:glibc 2.24 NPTL 2.24 
rlimit: STACK 8192k, CORE 0k, NPROC infinity, NOFILE 1048576, AS infinity
load average:4.06 3.69 3.16

/proc/meminfo:
MemTotal:        4042388 kB
MemFree:          116288 kB
MemAvailable:    3017188 kB
Buffers:           70284 kB
Cached:          2980716 kB
SwapCached:          208 kB
Active:           600104 kB
Inactive:        3136964 kB
Active(anon):     365532 kB
Inactive(anon):   321852 kB
Active(file):     234572 kB
Inactive(file):  2815112 kB
Unevictable:           0 kB
Mlocked:               0 kB
SwapTotal:       1048572 kB
SwapFree:        1037624 kB
Dirty:             15192 kB
Writeback:             0 kB
AnonPages:        685968 kB
Mapped:           172788 kB
Shmem:              1260 kB
Slab:             147684 kB
SReclaimable:     112756 kB
SUnreclaim:        34928 kB
KernelStack:       10816 kB
PageTables:         5356 kB
NFS_Unstable:          0 kB
Bounce:                0 kB
WritebackTmp:          0 kB
CommitLimit:     3069764 kB
Committed_AS:    2387624 kB
VmallocTotal:   34359738367 kB
VmallocUsed:           0 kB
VmallocChunk:          0 kB
AnonHugePages:      8192 kB
ShmemHugePages:        0 kB
ShmemPmdMapped:        0 kB
HugePages_Total:       0
HugePages_Free:        0
HugePages_Rsvd:        0
HugePages_Surp:        0
Hugepagesize:       2048 kB
DirectMap4k:       83372 kB
DirectMap2M:     4110336 kB
DirectMap1G:     2097152 kB

container (cgroup) information:
container_type: cgroupv1
cpu_cpuset_cpus: 0-1
cpu_memory_nodes: 0
active_processor_count: 2
cpu_quota: -1
cpu_period: 100000
cpu_shares: -1
memory_limit_in_bytes: 268435456
memory_and_swap_limit_in_bytes: 268435456
memory_soft_limit_in_bytes: -1
memory_usage_in_bytes: 51924992
memory_max_usage_in_bytes: 52047872


CPU:total 2 (initial active 2) (1 cores per cpu, 1 threads per core) family 6 model 61 stepping 4, cmov, cx8, fxsr, mmx, sse, sse2, sse3, ssse3, sse4.1, sse4.2, popcnt, avx, avx2, aes, clmul, erms, rtm, 3dnowpref, lzcnt, tsc, tscinvbit, bmi1, bmi2

/proc/cpuinfo:
processor	: 0
vendor_id	: GenuineIntel
cpu family	: 6
model		: 61
model name	: Intel(R) Core(TM) i5-5350U CPU @ 1.80GHz
stepping	: 4
cpu MHz		: 1798.741
cache size	: 3072 KB
physical id	: 0
siblings	: 1
core id		: 0
cpu cores	: 1
apicid		: 0
initial apicid	: 0
fpu		: yes
fpu_exception	: yes
cpuid level	: 20
wp		: yes
flags		: fpu vme de pse tsc msr pae mce cx8 apic sep mtrr pge mca cmov pat pse36 clflush mmx fxsr sse sse2 ss ht pbe syscall nx pdpe1gb lm constant_tsc rep_good nopl xtopology nonstop_tsc pni pclmulqdq dtes64 ds_cpl ssse3 sdbg fma cx16 xtpr pcid sse4_1 sse4_2 movbe popcnt aes xsave avx f16c rdrand hypervisor lahf_lm abm 3dnowprefetch kaiser fsgsbase bmi1 hle avx2 bmi2 erms rtm xsaveopt arat
bugs		: cpu_meltdown spectre_v1 spectre_v2 spec_store_bypass l1tf
bogomips	: 3597.48
clflush size	: 64
cache_alignment	: 64
address sizes	: 39 bits physical, 48 bits virtual
power management:

processor	: 1
vendor_id	: GenuineIntel
cpu family	: 6
model		: 61
model name	: Intel(R) Core(TM) i5-5350U CPU @ 1.80GHz
stepping	: 4
cpu MHz		: 1798.741
cache size	: 3072 KB
physical id	: 1
siblings	: 1
core id		: 0
cpu cores	: 1
apicid		: 1
initial apicid	: 1
fpu		: yes
fpu_exception	: yes
cpuid level	: 20
wp		: yes
flags		: fpu vme de pse tsc msr pae mce cx8 apic sep mtrr pge mca cmov pat pse36 clflush mmx fxsr sse sse2 ss ht pbe syscall nx pdpe1gb lm constant_tsc rep_good nopl xtopology nonstop_tsc pni pclmulqdq dtes64 ds_cpl ssse3 sdbg fma cx16 xtpr pcid sse4_1 sse4_2 movbe popcnt aes xsave avx f16c rdrand hypervisor lahf_lm abm 3dnowprefetch kaiser fsgsbase bmi1 hle avx2 bmi2 erms rtm xsaveopt arat
bugs		: cpu_meltdown spectre_v1 spectre_v2 spec_store_bypass l1tf
bogomips	: 3561.69
clflush size	: 64
cache_alignment	: 64
address sizes	: 39 bits physical, 48 bits virtual
power management:



Memory: 4k page, physical 262144k(211440k free), swap 1048572k(1037624k free)

vm_info: OpenJDK 64-Bit Server VM (25.212-b04) for linux-amd64 JRE (1.8.0_212-b04), built on Apr 10 2019 21:50:50 by "openjdk" with gcc 4.4.7 20120313 (Red Hat 4.4.7-23)

time: Thu Jul 18 17:02:51 2019
timezone: UTC
elapsed time: 190 seconds (0d 0h 3m 10s)

